0 verbose cli C:\Program Files\nodejs\node.exe C:\Program Files\nodejs\node_modules\npm\bin\npm-cli.js
1 info using npm@11.6.2
2 info using node@v24.11.1
3 silly config load:file:C:\Program Files\nodejs\node_modules\npm\npmrc
4 silly config load:file:C:\Users\deryck_zezuino\AppData\Local\Microsoft\TypeScript\5.9\.npmrc
5 silly config load:file:C:\Users\deryck_zezuino\.npmrc
6 silly config load:file:C:\ProgramData\npm\etc\npmrc
7 verbose title npm install types-registry@latest
8 verbose argv "install" "--ignore-scripts" "types-registry@latest"
9 verbose logfile logs-max:10 dir:C:\Users\deryck_zezuino\Desktop\Projetos2026\_logs\2026-02-11T21_30_55_779Z-
10 verbose logfile C:\Users\deryck_zezuino\Desktop\Projetos2026\_logs\2026-02-11T21_30_55_779Z-debug-0.log
11 silly logfile start cleaning logs, removing 1 files
12 silly packumentCache heap:4496293888 maxSize:1124073472 maxEntrySize:562036736
13 silly logfile done cleaning log files
14 silly packumentCache corgi:https://registry.npmjs.org/types-registry cache-miss
15 http fetch GET 200 https://registry.npmjs.org/types-registry 123ms (cache revalidated)
16 silly packumentCache corgi:https://registry.npmjs.org/types-registry set size:617342 disposed:false
17 silly idealTree buildDeps
18 silly fetch manifest types-registry@0.1.756
19 silly packumentCache full:https://registry.npmjs.org/types-registry cache-miss
20 http fetch GET 200 https://registry.npmjs.org/types-registry 54ms (cache revalidated)
21 silly packumentCache full:https://registry.npmjs.org/types-registry set size:1328494 disposed:false
22 silly placeDep ROOT types-registry@0.1.756 REPLACE for:  want: 0.1.756
23 silly reify moves {}
24 silly audit bulk request {
24 silly audit   '@types/body-parser': [ '1.19.6' ],
24 silly audit   '@types/connect': [ '3.4.38' ],
24 silly audit   '@types/d': [ '1.0.4' ],
24 silly audit   '@types/dot': [ '1.1.7' ],
24 silly audit   '@types/express': [ '5.0.6' ],
24 silly audit   '@types/express-serve-static-core': [ '5.1.1' ],
24 silly audit   '@types/http-errors': [ '2.0.5' ],
24 silly audit   '@types/mysql': [ '2.15.27' ],
24 silly audit   '@types/node': [ '25.2.0' ],
24 silly audit   '@types/qs': [ '6.14.0' ],
24 silly audit   '@types/range-parser': [ '1.2.7' ],
24 silly audit   '@types/react': [ '19.2.10' ],
24 silly audit   '@types/send': [ '1.2.1' ],
24 silly audit   '@types/serve-static': [ '2.2.0' ],
24 silly audit   '@types/swagger-ui-express': [ '4.1.8' ],
24 silly audit   csstype: [ '3.2.3' ],
24 silly audit   'undici-types': [ '7.16.0' ],
24 silly audit   'types-registry': [ '0.1.756' ]
24 silly audit }
25 http fetch GET 200 https://registry.npmjs.org/npm 497ms
26 http fetch POST 200 https://registry.npmjs.org/-/npm/v1/security/advisories/bulk 274ms
27 silly audit report {}
28 verbose cwd C:\Users\deryck_zezuino\AppData\Local\Microsoft\TypeScript\5.9
29 verbose os Windows_NT 10.0.26200
30 verbose node v24.11.1
31 verbose npm  v11.6.2
32 notice
32 notice New minor version of npm available! 11.6.2 -> 11.10.0
32 notice Changelog: https://github.com/npm/cli/releases/tag/v11.10.0
32 notice To update run: npm install -g npm@11.10.0
32 notice  { force: true, Symbol(proc-log.meta): true }
33 verbose exit 0
34 info ok
