0 verbose cli C:\Program Files\nodejs\node.exe C:\Program Files\nodejs\node_modules\npm\bin\npm-cli.js
1 info using npm@11.6.2
2 info using node@v24.11.1
3 silly config load:file:C:\Program Files\nodejs\node_modules\npm\npmrc
4 silly config load:file:C:\Users\deryck_zezuino\Desktop\Projetos2026\.npmrc
5 silly config load:file:C:\Users\deryck_zezuino\.npmrc
6 silly config load:file:C:\ProgramData\npm\etc\npmrc
7 verbose title npm init
8 verbose argv "init" "--yes"
9 verbose logfile logs-max:10 dir:C:\Users\deryck_zezuino\Desktop\Projetos2026\_logs\2026-02-05T21_46_12_115Z-
10 verbose logfile C:\Users\deryck_zezuino\Desktop\Projetos2026\_logs\2026-02-05T21_46_12_115Z-debug-0.log
11 silly logfile start cleaning logs, removing 1 files
12 silly logfile done cleaning log files
13 silly package data {
13 silly package data   name: 'projetos2026',
13 silly package data   version: '1.0.0',
13 silly package data   description: '',
13 silly package data   main: 'index.js',
13 silly package data   scripts: {
13 silly package data     test: 'echo "Error: no test specified" && exit 1',
13 silly package data     start: 'node index.js',
13 silly package data     dev: 'nodemon index.js'
13 silly package data   },
13 silly package data   keywords: [],
13 silly package data   author: '',
13 silly package data   license: 'ISC',
13 silly package data   dependencies: { mysql: '^2.18.1' },
13 silly package data   devDependencies: { eslint: '^9.0.0', nodemon: '^3.1.0' },
13 silly package data   repository: {
13 silly package data     type: 'git',
13 silly package data     url: 'git+https://github.com/deryckersching/ProjetoLosBarberos.git'
13 silly package data   },
13 silly package data   type: 'commonjs',
13 silly package data   bugs: {
13 silly package data     url: 'https://github.com/deryckersching/ProjetoLosBarberos/issues'
13 silly package data   },
13 silly package data   homepage: 'https://github.com/deryckersching/ProjetoLosBarberos#readme',
13 silly package data   Symbol(newline): '\n',
13 silly package data   Symbol(indent): '  '
13 silly package data }
14 verbose cwd C:\Users\deryck_zezuino\Desktop\Projetos2026
15 verbose os Windows_NT 10.0.26200
16 verbose node v24.11.1
17 verbose npm  v11.6.2
18 verbose exit 0
19 info ok
