0 verbose cli C:\Program Files\nodejs\node.exe C:\Program Files\nodejs\node_modules\npm\bin\npm-cli.js
1 info using npm@11.6.2
2 info using node@v24.11.1
3 silly config load:file:C:\Program Files\nodejs\node_modules\npm\npmrc
4 silly config load:file:C:\Users\deryck_zezuino\AppData\Local\Microsoft\TypeScript\5.9\.npmrc
5 silly config load:file:C:\Users\deryck_zezuino\.npmrc
6 silly config load:file:C:\ProgramData\npm\etc\npmrc
7 verbose title npm install types-registry@latest
8 verbose argv "install" "--ignore-scripts" "types-registry@latest"
9 verbose logfile logs-max:10 dir:C:\Users\deryck_zezuino\Desktop\Projetos2026\_logs\2026-02-04T21_45_53_396Z-
10 verbose logfile C:\Users\deryck_zezuino\Desktop\Projetos2026\_logs\2026-02-04T21_45_53_396Z-debug-0.log
11 silly logfile done cleaning log files
12 silly packumentCache heap:4496293888 maxSize:1124073472 maxEntrySize:562036736
13 silly packumentCache corgi:https://registry.npmjs.org/types-registry cache-miss
14 http fetch GET 200 https://registry.npmjs.org/types-registry 119ms (cache revalidated)
15 silly packumentCache corgi:https://registry.npmjs.org/types-registry set size:616812 disposed:false
16 silly idealTree buildDeps
17 silly fetch manifest types-registry@0.1.755
18 silly packumentCache full:https://registry.npmjs.org/types-registry cache-miss
19 http fetch GET 200 https://registry.npmjs.org/types-registry 34ms (cache revalidated)
20 silly packumentCache full:https://registry.npmjs.org/types-registry set size:1326773 disposed:false
21 silly placeDep ROOT types-registry@0.1.755 REPLACE for:  want: 0.1.755
22 silly reify moves {}
23 silly audit bulk request {
23 silly audit   '@types/body-parser': [ '1.19.6' ],
23 silly audit   '@types/connect': [ '3.4.38' ],
23 silly audit   '@types/express': [ '5.0.6' ],
23 silly audit   '@types/express-serve-static-core': [ '5.1.1' ],
23 silly audit   '@types/http-errors': [ '2.0.5' ],
23 silly audit   '@types/mysql': [ '2.15.27' ],
23 silly audit   '@types/node': [ '25.2.0' ],
23 silly audit   '@types/qs': [ '6.14.0' ],
23 silly audit   '@types/range-parser': [ '1.2.7' ],
23 silly audit   '@types/react': [ '19.2.10' ],
23 silly audit   '@types/send': [ '1.2.1' ],
23 silly audit   '@types/serve-static': [ '2.2.0' ],
23 silly audit   csstype: [ '3.2.3' ],
23 silly audit   'undici-types': [ '7.16.0' ],
23 silly audit   'types-registry': [ '0.1.755' ]
23 silly audit }
24 http fetch POST 200 https://registry.npmjs.org/-/npm/v1/security/advisories/bulk 236ms
25 silly audit report {}
26 verbose cwd C:\Users\deryck_zezuino\AppData\Local\Microsoft\TypeScript\5.9
27 verbose os Windows_NT 10.0.26200
28 verbose node v24.11.1
29 verbose npm  v11.6.2
30 verbose exit 0
31 info ok
