0 verbose cli C:\Program Files\nodejs\node.exe C:\Program Files\nodejs\node_modules\npm\bin\npm-cli.js
1 info using npm@11.6.2
2 info using node@v24.11.1
3 silly config load:file:C:\Program Files\nodejs\node_modules\npm\npmrc
4 silly config load:file:C:\Users\deryck_zezuino\Desktop\Projetos2026\.npmrc
5 silly config load:file:C:\Users\deryck_zezuino\.npmrc
6 silly config load:file:C:\ProgramData\npm\etc\npmrc
7 verbose title npm install
8 verbose argv "install"
9 verbose logfile logs-max:10 dir:C:\Users\deryck_zezuino\Desktop\Projetos2026\_logs\2026-02-04T23_05_01_475Z-
10 verbose logfile C:\Users\deryck_zezuino\Desktop\Projetos2026\_logs\2026-02-04T23_05_01_475Z-debug-0.log
11 silly logfile start cleaning logs, removing 1 files
12 silly packumentCache heap:4496293888 maxSize:1124073472 maxEntrySize:562036736
13 silly logfile done cleaning log files
14 silly idealTree buildDeps
15 silly reify moves {}
16 silly audit bulk request {
16 silly audit   '@eslint-community/eslint-utils': [ '4.9.1' ],
16 silly audit   'eslint-visitor-keys': [ '3.4.3', '4.2.1' ],
16 silly audit   '@eslint-community/regexpp': [ '4.12.2' ],
16 silly audit   '@eslint/config-array': [ '0.21.1' ],
16 silly audit   '@eslint/config-helpers': [ '0.4.2' ],
16 silly audit   '@eslint/core': [ '0.17.0' ],
16 silly audit   '@eslint/eslintrc': [ '3.3.3' ],
16 silly audit   '@eslint/js': [ '9.39.2' ],
16 silly audit   '@eslint/object-schema': [ '2.1.7' ],
16 silly audit   '@eslint/plugin-kit': [ '0.4.1' ],
16 silly audit   '@humanfs/core': [ '0.19.1' ],
16 silly audit   '@humanfs/node': [ '0.16.7' ],
16 silly audit   '@humanwhocodes/module-importer': [ '1.0.1' ],
16 silly audit   '@humanwhocodes/retry': [ '0.4.3' ],
16 silly audit   '@types/estree': [ '1.0.8' ],
16 silly audit   '@types/json-schema': [ '7.0.15' ],
16 silly audit   acorn: [ '8.15.0' ],
16 silly audit   'acorn-jsx': [ '5.3.2' ],
16 silly audit   ajv: [ '6.12.6' ],
16 silly audit   'ansi-styles': [ '4.3.0' ],
16 silly audit   anymatch: [ '3.1.3' ],
16 silly audit   argparse: [ '2.0.1' ],
16 silly audit   'balanced-match': [ '1.0.2' ],
16 silly audit   'bignumber.js': [ '9.0.0' ],
16 silly audit   'binary-extensions': [ '2.3.0' ],
16 silly audit   'brace-expansion': [ '1.1.12' ],
16 silly audit   braces: [ '3.0.3' ],
16 silly audit   callsites: [ '3.1.0' ],
16 silly audit   chalk: [ '4.1.2' ],
16 silly audit   chokidar: [ '3.6.0' ],
16 silly audit   'glob-parent': [ '5.1.2', '6.0.2' ],
16 silly audit   'color-convert': [ '2.0.1' ],
16 silly audit   'color-name': [ '1.1.4' ],
16 silly audit   'concat-map': [ '0.0.1' ],
16 silly audit   'core-util-is': [ '1.0.3' ],
16 silly audit   'cross-spawn': [ '7.0.6' ],
16 silly audit   debug: [ '4.4.3' ],
16 silly audit   'deep-is': [ '0.1.4' ],
16 silly audit   'escape-string-regexp': [ '4.0.0' ],
16 silly audit   eslint: [ '9.39.2' ],
16 silly audit   'eslint-scope': [ '8.4.0' ],
16 silly audit   espree: [ '10.4.0' ],
16 silly audit   esquery: [ '1.7.0' ],
16 silly audit   esrecurse: [ '4.3.0' ],
16 silly audit   estraverse: [ '5.3.0' ],
16 silly audit   esutils: [ '2.0.3' ],
16 silly audit   'fast-deep-equal': [ '3.1.3' ],
16 silly audit   'fast-json-stable-stringify': [ '2.1.0' ],
16 silly audit   'fast-levenshtein': [ '2.0.6' ],
16 silly audit   'file-entry-cache': [ '8.0.0' ],
16 silly audit   'fill-range': [ '7.1.1' ],
16 silly audit   'find-up': [ '5.0.0' ],
16 silly audit   'flat-cache': [ '4.0.1' ],
16 silly audit   flatted: [ '3.3.3' ],
16 silly audit   fsevents: [ '2.3.3' ],
16 silly audit   globals: [ '14.0.0' ],
16 silly audit   'has-flag': [ '4.0.0', '3.0.0' ],
16 silly audit   ignore: [ '5.3.2' ],
16 silly audit   'ignore-by-default': [ '1.0.1' ],
16 silly audit   'import-fresh': [ '3.3.1' ],
16 silly audit   imurmurhash: [ '0.1.4' ],
16 silly audit   inherits: [ '2.0.4' ],
16 silly audit   'is-binary-path': [ '2.1.0' ],
16 silly audit   'is-extglob': [ '2.1.1' ],
16 silly audit   'is-glob': [ '4.0.3' ],
16 silly audit   'is-number': [ '7.0.0' ],
16 silly audit   isarray: [ '1.0.0' ],
16 silly audit   isexe: [ '2.0.0' ],
16 silly audit   'js-yaml': [ '4.1.1' ],
16 silly audit   'json-buffer': [ '3.0.1' ],
16 silly audit   'json-schema-traverse': [ '0.4.1' ],
16 silly audit   'json-stable-stringify-without-jsonify': [ '1.0.1' ],
16 silly audit   keyv: [ '4.5.4' ],
16 silly audit   levn: [ '0.4.1' ],
16 silly audit   'locate-path': [ '6.0.0' ],
16 silly audit   'lodash.merge': [ '4.6.2' ],
16 silly audit   minimatch: [ '3.1.2' ],
16 silly audit   ms: [ '2.1.3' ],
16 silly audit   mysql: [ '2.18.1' ],
16 silly audit   'natural-compare': [ '1.4.0' ],
16 silly audit   nodemon: [ '3.1.11' ],
16 silly audit   'supports-color': [ '5.5.0', '7.2.0' ],
16 silly audit   'normalize-path': [ '3.0.0' ],
16 silly audit   optionator: [ '0.9.4' ],
16 silly audit   'p-limit': [ '3.1.0' ],
16 silly audit   'p-locate': [ '5.0.0' ],
16 silly audit   'parent-module': [ '1.0.1' ],
16 silly audit   'path-exists': [ '4.0.0' ],
16 silly audit   'path-key': [ '3.1.1' ],
16 silly audit   picomatch: [ '2.3.1' ],
16 silly audit   'prelude-ls': [ '1.2.1' ],
16 silly audit   'process-nextick-args': [ '2.0.1' ],
16 silly audit   'pstree.remy': [ '1.1.8' ],
16 silly audit   punycode: [ '2.3.1' ],
16 silly audit   'readable-stream': [ '2.3.7' ],
16 silly audit   readdirp: [ '3.6.0' ],
16 silly audit   'resolve-from': [ '4.0.0' ],
16 silly audit   'safe-buffer': [ '5.1.2' ],
16 silly audit   semver: [ '7.7.3' ],
16 silly audit   'shebang-command': [ '2.0.0' ],
16 silly audit   'shebang-regex': [ '3.0.0' ],
16 silly audit   'simple-update-notifier': [ '2.0.0' ],
16 silly audit   sqlstring: [ '2.3.1' ],
16 silly audit   string_decoder: [ '1.1.1' ],
16 silly audit   'strip-json-comments': [ '3.1.1' ],
16 silly audit   'to-regex-range': [ '5.0.1' ],
16 silly audit   touch: [ '3.1.1' ],
16 silly audit   'type-check': [ '0.4.0' ],
16 silly audit   undefsafe: [ '2.0.5' ],
16 silly audit   'uri-js': [ '4.4.1' ],
16 silly audit   'util-deprecate': [ '1.0.2' ],
16 silly audit   which: [ '2.0.2' ],
16 silly audit   'word-wrap': [ '1.2.5' ],
16 silly audit   'yocto-queue': [ '0.1.0' ]
16 silly audit }
17 http fetch POST 200 https://registry.npmjs.org/-/npm/v1/security/advisories/bulk 371ms
18 silly audit report {}
19 verbose cwd C:\Users\deryck_zezuino\Desktop\Projetos2026
20 verbose os Windows_NT 10.0.26200
21 verbose node v24.11.1
22 verbose npm  v11.6.2
23 verbose exit 0
24 info ok
