0 verbose cli C:\Program Files\nodejs\node.exe C:\Program Files\nodejs\node_modules\npm\bin\npm-cli.js
1 info using npm@11.6.2
2 info using node@v24.11.1
3 silly config load:file:C:\Program Files\nodejs\node_modules\npm\npmrc
4 silly config load:file:C:\Users\deryck_zezuino\Desktop\Projetos2026\.npmrc
5 silly config load:file:C:\Users\deryck_zezuino\.npmrc
6 silly config load:file:C:\ProgramData\npm\etc\npmrc
7 verbose title npm init
8 verbose argv "init"
9 verbose logfile logs-max:10 dir:C:\Users\deryck_zezuino\Desktop\Projetos2026\_logs\2026-02-09T21_54_00_731Z-
10 verbose logfile C:\Users\deryck_zezuino\Desktop\Projetos2026\_logs\2026-02-09T21_54_00_731Z-debug-0.log
11 silly logfile start cleaning logs, removing 1 files
12 silly logfile done cleaning log files
13 warn init canceled
14 verbose cwd C:\Users\deryck_zezuino\Desktop\Projetos2026
15 verbose os Windows_NT 10.0.26200
16 verbose node v24.11.1
17 verbose npm  v11.6.2
18 verbose exit 0
19 info ok
