0 verbose cli C:\Program Files\nodejs\node.exe C:\Program Files\nodejs\node_modules\npm\bin\npm-cli.js
1 info using npm@11.6.2
2 info using node@v24.11.1
3 silly config load:file:C:\Program Files\nodejs\node_modules\npm\npmrc
4 silly config load:file:C:\Users\deryck_zezuino\Desktop\Projetos2026\.npmrc
5 silly config load:file:C:\Users\deryck_zezuino\.npmrc
6 silly config load:file:C:\ProgramData\npm\etc\npmrc
7 verbose title npm install express mysql2 dotenv
8 verbose argv "install" "express" "mysql2" "dotenv"
9 verbose logfile logs-max:10 dir:C:\Users\deryck_zezuino\Desktop\Projetos2026\_logs\2026-02-05T21_46_31_492Z-
10 verbose logfile C:\Users\deryck_zezuino\Desktop\Projetos2026\_logs\2026-02-05T21_46_31_492Z-debug-0.log
11 silly logfile start cleaning logs, removing 1 files
12 silly packumentCache heap:4496293888 maxSize:1124073472 maxEntrySize:562036736
13 silly logfile done cleaning log files
14 silly idealTree buildDeps
15 silly fetch manifest express@*
16 silly packumentCache full:https://registry.npmjs.org/express cache-miss
17 http fetch GET 200 https://registry.npmjs.org/express 280ms (cache miss)
18 silly packumentCache full:https://registry.npmjs.org/express set size:undefined disposed:false
19 silly fetch manifest mysql2@*
20 silly packumentCache full:https://registry.npmjs.org/mysql2 cache-miss
21 http fetch GET 200 https://registry.npmjs.org/mysql2 82ms (cache miss)
22 silly packumentCache full:https://registry.npmjs.org/mysql2 set size:undefined disposed:false
23 silly fetch manifest dotenv@*
24 silly packumentCache full:https://registry.npmjs.org/dotenv cache-miss
25 http fetch GET 200 https://registry.npmjs.org/dotenv 71ms (cache miss)
26 silly packumentCache full:https://registry.npmjs.org/dotenv set size:undefined disposed:false
27 silly placeDep ROOT dotenv@17.2.4 OK for: projetos2026@1.0.0 want: *
28 silly placeDep ROOT express@5.2.1 OK for: projetos2026@1.0.0 want: *
29 silly placeDep ROOT mysql2@3.16.3 OK for: projetos2026@1.0.0 want: *
30 silly fetch manifest qs@^6.14.0
31 silly packumentCache full:https://registry.npmjs.org/qs cache-miss
32 silly fetch manifest depd@^2.0.0
33 silly packumentCache full:https://registry.npmjs.org/depd cache-miss
34 silly fetch manifest etag@^1.8.1
35 silly packumentCache full:https://registry.npmjs.org/etag cache-miss
36 silly fetch manifest once@^1.4.0
37 silly packumentCache full:https://registry.npmjs.org/once cache-miss
38 silly fetch manifest send@^1.1.0
39 silly packumentCache full:https://registry.npmjs.org/send cache-miss
40 silly fetch manifest vary@^1.1.2
41 silly packumentCache full:https://registry.npmjs.org/vary cache-miss
42 silly fetch manifest fresh@^2.0.0
43 silly packumentCache full:https://registry.npmjs.org/fresh cache-miss
44 http fetch GET 200 https://registry.npmjs.org/vary 59ms (cache miss)
45 silly packumentCache full:https://registry.npmjs.org/vary set size:undefined disposed:false
46 silly fetch manifest cookie@^0.7.1
47 silly packumentCache full:https://registry.npmjs.org/cookie cache-miss
48 http fetch GET 200 https://registry.npmjs.org/depd 65ms (cache miss)
49 silly packumentCache full:https://registry.npmjs.org/depd set size:undefined disposed:false
50 silly fetch manifest router@^2.2.0
51 silly packumentCache full:https://registry.npmjs.org/router cache-miss
52 http fetch GET 200 https://registry.npmjs.org/once 70ms (cache miss)
53 silly packumentCache full:https://registry.npmjs.org/once set size:undefined disposed:false
54 silly fetch manifest accepts@^2.0.0
55 silly packumentCache full:https://registry.npmjs.org/accepts cache-miss
56 http fetch GET 200 https://registry.npmjs.org/qs 83ms (cache miss)
57 silly packumentCache full:https://registry.npmjs.org/qs set size:undefined disposed:false
58 silly fetch manifest type-is@^2.0.1
59 silly packumentCache full:https://registry.npmjs.org/type-is cache-miss
60 http fetch GET 200 https://registry.npmjs.org/cookie 32ms (cache miss)
61 silly packumentCache full:https://registry.npmjs.org/cookie set size:undefined disposed:false
62 silly fetch manifest parseurl@^1.3.3
63 silly packumentCache full:https://registry.npmjs.org/parseurl cache-miss
64 http fetch GET 200 https://registry.npmjs.org/type-is 62ms (cache miss)
65 silly packumentCache full:https://registry.npmjs.org/type-is set size:undefined disposed:false
66 silly fetch manifest statuses@^2.0.1
67 silly packumentCache full:https://registry.npmjs.org/statuses cache-miss
68 http fetch GET 200 https://registry.npmjs.org/etag 160ms (cache miss)
69 silly packumentCache full:https://registry.npmjs.org/etag set size:undefined disposed:false
70 silly fetch manifest encodeurl@^2.0.0
71 silly packumentCache full:https://registry.npmjs.org/encodeurl cache-miss
72 http fetch GET 200 https://registry.npmjs.org/fresh 172ms (cache miss)
73 silly packumentCache full:https://registry.npmjs.org/fresh set size:undefined disposed:false
74 silly fetch manifest mime-types@^3.0.0
75 silly packumentCache full:https://registry.npmjs.org/mime-types cache-miss
76 http fetch GET 200 https://registry.npmjs.org/send 184ms (cache miss)
77 silly packumentCache full:https://registry.npmjs.org/send set size:undefined disposed:false
78 silly fetch manifest proxy-addr@^2.0.7
79 silly packumentCache full:https://registry.npmjs.org/proxy-addr cache-miss
80 http fetch GET 200 https://registry.npmjs.org/statuses 53ms (cache miss)
81 silly packumentCache full:https://registry.npmjs.org/statuses set size:undefined disposed:false
82 silly fetch manifest body-parser@^2.2.1
83 silly packumentCache full:https://registry.npmjs.org/body-parser cache-miss
84 http fetch GET 200 https://registry.npmjs.org/encodeurl 80ms (cache miss)
85 silly packumentCache full:https://registry.npmjs.org/encodeurl set size:undefined disposed:false
86 silly fetch manifest escape-html@^1.0.3
87 silly packumentCache full:https://registry.npmjs.org/escape-html cache-miss
88 http fetch GET 200 https://registry.npmjs.org/proxy-addr 59ms (cache miss)
89 silly packumentCache full:https://registry.npmjs.org/proxy-addr set size:undefined disposed:false
90 silly fetch manifest http-errors@^2.0.0
91 silly packumentCache full:https://registry.npmjs.org/http-errors cache-miss
92 http fetch GET 200 https://registry.npmjs.org/mime-types 76ms (cache miss)
93 silly packumentCache full:https://registry.npmjs.org/mime-types set size:undefined disposed:false
94 silly fetch manifest on-finished@^2.4.1
95 silly packumentCache full:https://registry.npmjs.org/on-finished cache-miss
96 http fetch GET 200 https://registry.npmjs.org/body-parser 65ms (cache miss)
97 silly packumentCache full:https://registry.npmjs.org/body-parser set size:undefined disposed:false
98 silly fetch manifest content-type@^1.0.5
99 silly packumentCache full:https://registry.npmjs.org/content-type cache-miss
100 http fetch GET 200 https://registry.npmjs.org/router 239ms (cache miss)
101 silly packumentCache full:https://registry.npmjs.org/router set size:undefined disposed:false
102 silly fetch manifest finalhandler@^2.1.0
103 silly packumentCache full:https://registry.npmjs.org/finalhandler cache-miss
104 http fetch GET 200 https://registry.npmjs.org/accepts 237ms (cache miss)
105 silly packumentCache full:https://registry.npmjs.org/accepts set size:undefined disposed:false
106 silly fetch manifest range-parser@^1.2.1
107 silly packumentCache full:https://registry.npmjs.org/range-parser cache-miss
108 http fetch GET 200 https://registry.npmjs.org/escape-html 69ms (cache miss)
109 silly packumentCache full:https://registry.npmjs.org/escape-html set size:undefined disposed:false
110 silly fetch manifest serve-static@^2.2.0
111 silly packumentCache full:https://registry.npmjs.org/serve-static cache-miss
112 http fetch GET 200 https://registry.npmjs.org/on-finished 59ms (cache miss)
113 silly packumentCache full:https://registry.npmjs.org/on-finished set size:undefined disposed:false
114 silly fetch manifest cookie-signature@^1.2.1
115 silly packumentCache full:https://registry.npmjs.org/cookie-signature cache-miss
116 http fetch GET 200 https://registry.npmjs.org/parseurl 229ms (cache miss)
117 silly packumentCache full:https://registry.npmjs.org/parseurl set size:undefined disposed:false
118 silly fetch manifest merge-descriptors@^2.0.0
119 silly packumentCache full:https://registry.npmjs.org/merge-descriptors cache-miss
120 http fetch GET 200 https://registry.npmjs.org/http-errors 80ms (cache miss)
121 silly packumentCache full:https://registry.npmjs.org/http-errors set size:undefined disposed:false
122 silly fetch manifest content-disposition@^1.0.0
123 silly packumentCache full:https://registry.npmjs.org/content-disposition cache-miss
124 http fetch GET 200 https://registry.npmjs.org/content-type 64ms (cache miss)
125 silly packumentCache full:https://registry.npmjs.org/content-type set size:undefined disposed:false
126 silly fetch manifest long@^5.3.2
127 silly packumentCache full:https://registry.npmjs.org/long cache-miss
128 http fetch GET 200 https://registry.npmjs.org/finalhandler 31ms (cache miss)
129 silly packumentCache full:https://registry.npmjs.org/finalhandler set size:undefined disposed:false
130 silly fetch manifest denque@^2.1.0
131 silly packumentCache full:https://registry.npmjs.org/denque cache-miss
132 http fetch GET 200 https://registry.npmjs.org/content-disposition 30ms (cache miss)
133 silly packumentCache full:https://registry.npmjs.org/content-disposition set size:undefined disposed:false
134 silly fetch manifest lru.min@^1.1.3
135 silly packumentCache full:https://registry.npmjs.org/lru.min cache-miss
136 http fetch GET 200 https://registry.npmjs.org/denque 26ms (cache miss)
137 silly packumentCache full:https://registry.npmjs.org/denque set size:undefined disposed:false
138 silly fetch manifest seq-queue@^0.0.5
139 silly packumentCache full:https://registry.npmjs.org/seq-queue cache-miss
140 http fetch GET 200 https://registry.npmjs.org/cookie-signature 67ms (cache miss)
141 silly packumentCache full:https://registry.npmjs.org/cookie-signature set size:undefined disposed:false
142 silly fetch manifest sqlstring@^2.3.3
143 silly packumentCache full:https://registry.npmjs.org/sqlstring cache-miss
144 http fetch GET 200 https://registry.npmjs.org/merge-descriptors 71ms (cache miss)
145 silly packumentCache full:https://registry.npmjs.org/merge-descriptors set size:undefined disposed:false
146 silly fetch manifest iconv-lite@^0.7.2
147 silly packumentCache full:https://registry.npmjs.org/iconv-lite cache-miss
148 http fetch GET 200 https://registry.npmjs.org/long 66ms (cache miss)
149 silly packumentCache full:https://registry.npmjs.org/long set size:undefined disposed:false
150 silly fetch manifest aws-ssl-profiles@^1.1.2
151 silly packumentCache full:https://registry.npmjs.org/aws-ssl-profiles cache-miss
152 http fetch GET 200 https://registry.npmjs.org/serve-static 94ms (cache miss)
153 silly packumentCache full:https://registry.npmjs.org/serve-static set size:undefined disposed:false
154 silly fetch manifest generate-function@^2.3.1
155 silly packumentCache full:https://registry.npmjs.org/generate-function cache-miss
156 http fetch GET 200 https://registry.npmjs.org/sqlstring 76ms (cache revalidated)
157 silly packumentCache full:https://registry.npmjs.org/sqlstring set size:31678 disposed:false
158 silly fetch manifest named-placeholders@^1.1.6
159 silly packumentCache full:https://registry.npmjs.org/named-placeholders cache-miss
160 http fetch GET 200 https://registry.npmjs.org/aws-ssl-profiles 63ms (cache miss)
161 silly packumentCache full:https://registry.npmjs.org/aws-ssl-profiles set size:undefined disposed:false
162 http fetch GET 200 https://registry.npmjs.org/iconv-lite 72ms (cache miss)
163 silly packumentCache full:https://registry.npmjs.org/iconv-lite set size:undefined disposed:false
164 http fetch GET 200 https://registry.npmjs.org/generate-function 70ms (cache miss)
165 silly packumentCache full:https://registry.npmjs.org/generate-function set size:undefined disposed:false
166 http fetch GET 200 https://registry.npmjs.org/range-parser 220ms (cache miss)
167 silly packumentCache full:https://registry.npmjs.org/range-parser set size:undefined disposed:false
168 http fetch GET 200 https://registry.npmjs.org/lru.min 220ms (cache miss)
169 silly packumentCache full:https://registry.npmjs.org/lru.min set size:undefined disposed:false
170 http fetch GET 200 https://registry.npmjs.org/seq-queue 221ms (cache miss)
171 silly packumentCache full:https://registry.npmjs.org/seq-queue set size:undefined disposed:false
172 http fetch GET 200 https://registry.npmjs.org/named-placeholders 264ms (cache miss)
173 silly packumentCache full:https://registry.npmjs.org/named-placeholders set size:undefined disposed:false
174 silly placeDep ROOT accepts@2.0.0 OK for: express@5.2.1 want: ^2.0.0
175 silly placeDep ROOT body-parser@2.2.2 OK for: express@5.2.1 want: ^2.2.1
176 silly placeDep ROOT content-disposition@1.0.1 OK for: express@5.2.1 want: ^1.0.0
177 silly placeDep ROOT content-type@1.0.5 OK for: express@5.2.1 want: ^1.0.5
178 silly placeDep ROOT cookie@0.7.2 OK for: express@5.2.1 want: ^0.7.1
179 silly placeDep ROOT cookie-signature@1.2.2 OK for: express@5.2.1 want: ^1.2.1
180 silly placeDep ROOT depd@2.0.0 OK for: express@5.2.1 want: ^2.0.0
181 silly placeDep ROOT encodeurl@2.0.0 OK for: express@5.2.1 want: ^2.0.0
182 silly placeDep ROOT escape-html@1.0.3 OK for: express@5.2.1 want: ^1.0.3
183 silly placeDep ROOT etag@1.8.1 OK for: express@5.2.1 want: ^1.8.1
184 silly placeDep ROOT finalhandler@2.1.1 OK for: express@5.2.1 want: ^2.1.0
185 silly placeDep ROOT fresh@2.0.0 OK for: express@5.2.1 want: ^2.0.0
186 silly placeDep ROOT http-errors@2.0.1 OK for: express@5.2.1 want: ^2.0.0
187 silly placeDep ROOT merge-descriptors@2.0.0 OK for: express@5.2.1 want: ^2.0.0
188 silly placeDep ROOT mime-types@3.0.2 OK for: express@5.2.1 want: ^3.0.0
189 silly placeDep ROOT on-finished@2.4.1 OK for: express@5.2.1 want: ^2.4.1
190 silly placeDep ROOT once@1.4.0 OK for: express@5.2.1 want: ^1.4.0
191 silly placeDep ROOT parseurl@1.3.3 OK for: express@5.2.1 want: ^1.3.3
192 silly placeDep ROOT proxy-addr@2.0.7 OK for: express@5.2.1 want: ^2.0.7
193 silly placeDep ROOT qs@6.14.1 OK for: express@5.2.1 want: ^6.14.0
194 silly placeDep ROOT range-parser@1.2.1 OK for: express@5.2.1 want: ^1.2.1
195 silly placeDep ROOT router@2.2.0 OK for: express@5.2.1 want: ^2.2.0
196 silly placeDep ROOT send@1.2.1 OK for: express@5.2.1 want: ^1.1.0
197 silly placeDep ROOT serve-static@2.2.1 OK for: express@5.2.1 want: ^2.2.0
198 silly placeDep ROOT statuses@2.0.2 OK for: express@5.2.1 want: ^2.0.1
199 silly placeDep ROOT type-is@2.0.1 OK for: express@5.2.1 want: ^2.0.1
200 silly placeDep ROOT vary@1.1.2 OK for: express@5.2.1 want: ^1.1.2
201 silly fetch manifest negotiator@^1.0.0
202 silly packumentCache full:https://registry.npmjs.org/negotiator cache-miss
203 silly fetch manifest bytes@^3.1.2
204 silly packumentCache full:https://registry.npmjs.org/bytes cache-miss
205 silly fetch manifest iconv-lite@^0.7.0
206 silly packumentCache full:https://registry.npmjs.org/iconv-lite cache-miss
207 silly fetch manifest qs@^6.14.1
208 silly packumentCache full:https://registry.npmjs.org/qs cache-miss
209 silly fetch manifest raw-body@^3.0.1
210 silly packumentCache full:https://registry.npmjs.org/raw-body cache-miss
211 silly fetch manifest setprototypeof@~1.2.0
212 silly packumentCache full:https://registry.npmjs.org/setprototypeof cache-miss
213 silly fetch manifest statuses@~2.0.2
214 silly packumentCache full:https://registry.npmjs.org/statuses cache-miss
215 http cache https://registry.npmjs.org/qs 11ms (cache hit)
216 silly packumentCache full:https://registry.npmjs.org/qs set size:268000 disposed:false
217 silly fetch manifest toidentifier@~1.0.1
218 silly packumentCache full:https://registry.npmjs.org/toidentifier cache-miss
219 http cache https://registry.npmjs.org/iconv-lite 15ms (cache hit)
220 silly packumentCache full:https://registry.npmjs.org/iconv-lite set size:120557 disposed:false
221 silly fetch manifest mime-db@^1.54.0
222 silly packumentCache full:https://registry.npmjs.org/mime-db cache-miss
223 http cache https://registry.npmjs.org/statuses 18ms (cache hit)
224 silly packumentCache full:https://registry.npmjs.org/statuses set size:37117 disposed:false
225 silly fetch manifest ee-first@1.1.1
226 silly packumentCache full:https://registry.npmjs.org/ee-first cache-miss
227 http fetch GET 200 https://registry.npmjs.org/setprototypeof 28ms (cache miss)
228 silly packumentCache full:https://registry.npmjs.org/setprototypeof set size:undefined disposed:false
229 silly fetch manifest wrappy@1
230 silly packumentCache full:https://registry.npmjs.org/wrappy cache-miss
231 http fetch GET 200 https://registry.npmjs.org/raw-body 60ms (cache miss)
232 silly packumentCache full:https://registry.npmjs.org/raw-body set size:undefined disposed:false
233 silly fetch manifest forwarded@0.2.0
234 silly packumentCache full:https://registry.npmjs.org/forwarded cache-miss
235 http fetch GET 200 https://registry.npmjs.org/negotiator 67ms (cache miss)
236 silly packumentCache full:https://registry.npmjs.org/negotiator set size:undefined disposed:false
237 silly fetch manifest ipaddr.js@1.9.1
238 silly packumentCache full:https://registry.npmjs.org/ipaddr.js cache-miss
239 http fetch GET 200 https://registry.npmjs.org/ee-first 53ms (cache miss)
240 silly packumentCache full:https://registry.npmjs.org/ee-first set size:undefined disposed:false
241 silly fetch manifest side-channel@^1.1.0
242 silly packumentCache full:https://registry.npmjs.org/side-channel cache-miss
243 http fetch GET 200 https://registry.npmjs.org/bytes 79ms (cache miss)
244 silly packumentCache full:https://registry.npmjs.org/bytes set size:undefined disposed:false
245 silly fetch manifest is-promise@^4.0.0
246 silly packumentCache full:https://registry.npmjs.org/is-promise cache-miss
247 http fetch GET 200 https://registry.npmjs.org/forwarded 51ms (cache miss)
248 silly packumentCache full:https://registry.npmjs.org/forwarded set size:undefined disposed:false
249 silly fetch manifest path-to-regexp@^8.0.0
250 silly packumentCache full:https://registry.npmjs.org/path-to-regexp cache-miss
251 http fetch GET 200 https://registry.npmjs.org/side-channel 50ms (cache miss)
252 silly packumentCache full:https://registry.npmjs.org/side-channel set size:undefined disposed:false
253 silly fetch manifest statuses@^2.0.2
254 silly packumentCache full:https://registry.npmjs.org/statuses cache-hit
255 silly fetch manifest media-typer@^1.1.0
256 silly packumentCache full:https://registry.npmjs.org/media-typer cache-miss
257 http fetch GET 200 https://registry.npmjs.org/is-promise 62ms (cache miss)
258 silly packumentCache full:https://registry.npmjs.org/is-promise set size:undefined disposed:false
259 http fetch GET 200 https://registry.npmjs.org/ipaddr.js 112ms (cache miss)
260 silly packumentCache full:https://registry.npmjs.org/ipaddr.js set size:undefined disposed:false
261 http fetch GET 200 https://registry.npmjs.org/media-typer 58ms (cache miss)
262 silly packumentCache full:https://registry.npmjs.org/media-typer set size:undefined disposed:false
263 http fetch GET 200 https://registry.npmjs.org/path-to-regexp 72ms (cache miss)
264 silly packumentCache full:https://registry.npmjs.org/path-to-regexp set size:undefined disposed:false
265 http fetch GET 200 https://registry.npmjs.org/toidentifier 226ms (cache miss)
266 silly packumentCache full:https://registry.npmjs.org/toidentifier set size:undefined disposed:false
267 http fetch GET 200 https://registry.npmjs.org/mime-db 228ms (cache miss)
268 silly packumentCache full:https://registry.npmjs.org/mime-db set size:undefined disposed:false
269 http fetch GET 200 https://registry.npmjs.org/wrappy 224ms (cache miss)
270 silly packumentCache full:https://registry.npmjs.org/wrappy set size:undefined disposed:false
271 silly placeDep ROOT negotiator@1.0.0 OK for: accepts@2.0.0 want: ^1.0.0
272 silly placeDep ROOT bytes@3.1.2 OK for: body-parser@2.2.2 want: ^3.1.2
273 silly placeDep ROOT iconv-lite@0.7.2 OK for: body-parser@2.2.2 want: ^0.7.0
274 silly placeDep ROOT raw-body@3.0.2 OK for: body-parser@2.2.2 want: ^3.0.1
275 silly fetch manifest safer-buffer@>= 2.1.2 < 3.0.0
276 silly packumentCache full:https://registry.npmjs.org/safer-buffer cache-miss
277 silly fetch manifest unpipe@~1.0.0
278 silly packumentCache full:https://registry.npmjs.org/unpipe cache-miss
279 http fetch GET 200 https://registry.npmjs.org/unpipe 54ms (cache miss)
280 silly packumentCache full:https://registry.npmjs.org/unpipe set size:undefined disposed:false
281 http fetch GET 200 https://registry.npmjs.org/safer-buffer 64ms (cache miss)
282 silly packumentCache full:https://registry.npmjs.org/safer-buffer set size:undefined disposed:false
283 silly placeDep ROOT setprototypeof@1.2.0 OK for: http-errors@2.0.1 want: ~1.2.0
284 silly placeDep ROOT toidentifier@1.0.1 OK for: http-errors@2.0.1 want: ~1.0.1
285 silly placeDep ROOT safer-buffer@2.1.2 OK for: iconv-lite@0.7.2 want: >= 2.1.2 < 3.0.0
286 silly placeDep ROOT mime-db@1.54.0 OK for: mime-types@3.0.2 want: ^1.54.0
287 silly placeDep ROOT aws-ssl-profiles@1.1.2 OK for: mysql2@3.16.3 want: ^1.1.2
288 silly placeDep ROOT denque@2.1.0 OK for: mysql2@3.16.3 want: ^2.1.0
289 silly placeDep ROOT generate-function@2.3.1 OK for: mysql2@3.16.3 want: ^2.3.1
290 silly placeDep ROOT long@5.3.2 OK for: mysql2@3.16.3 want: ^5.3.2
291 silly placeDep ROOT lru.min@1.1.4 OK for: mysql2@3.16.3 want: ^1.1.3
292 silly placeDep ROOT named-placeholders@1.1.6 OK for: mysql2@3.16.3 want: ^1.1.6
293 silly placeDep ROOT seq-queue@0.0.5 OK for: mysql2@3.16.3 want: ^0.0.5
294 silly placeDep node_modules/mysql2 sqlstring@2.3.3 OK for: mysql2@3.16.3 want: ^2.3.3
295 silly fetch manifest is-property@^1.0.2
296 silly packumentCache full:https://registry.npmjs.org/is-property cache-miss
297 http fetch GET 200 https://registry.npmjs.org/is-property 53ms (cache miss)
298 silly packumentCache full:https://registry.npmjs.org/is-property set size:undefined disposed:false
299 silly placeDep ROOT is-property@1.0.2 OK for: generate-function@2.3.1 want: ^1.0.2
300 silly placeDep ROOT ee-first@1.1.1 OK for: on-finished@2.4.1 want: 1.1.1
301 silly placeDep ROOT wrappy@1.0.2 OK for: once@1.4.0 want: 1
302 silly placeDep ROOT forwarded@0.2.0 OK for: proxy-addr@2.0.7 want: 0.2.0
303 silly placeDep ROOT ipaddr.js@1.9.1 OK for: proxy-addr@2.0.7 want: 1.9.1
304 silly placeDep ROOT side-channel@1.1.0 OK for: qs@6.14.1 want: ^1.1.0
305 silly fetch manifest es-errors@^1.3.0
306 silly packumentCache full:https://registry.npmjs.org/es-errors cache-miss
307 silly fetch manifest object-inspect@^1.13.3
308 silly packumentCache full:https://registry.npmjs.org/object-inspect cache-miss
309 silly fetch manifest side-channel-list@^1.0.0
310 silly packumentCache full:https://registry.npmjs.org/side-channel-list cache-miss
311 silly fetch manifest side-channel-map@^1.0.1
312 silly packumentCache full:https://registry.npmjs.org/side-channel-map cache-miss
313 silly fetch manifest side-channel-weakmap@^1.0.2
314 silly packumentCache full:https://registry.npmjs.org/side-channel-weakmap cache-miss
315 http fetch GET 200 https://registry.npmjs.org/side-channel-map 29ms (cache miss)
316 silly packumentCache full:https://registry.npmjs.org/side-channel-map set size:undefined disposed:false
317 http fetch GET 200 https://registry.npmjs.org/side-channel-list 34ms (cache miss)
318 silly packumentCache full:https://registry.npmjs.org/side-channel-list set size:undefined disposed:false
319 http fetch GET 200 https://registry.npmjs.org/object-inspect 34ms (cache miss)
320 silly packumentCache full:https://registry.npmjs.org/object-inspect set size:undefined disposed:false
321 http fetch GET 200 https://registry.npmjs.org/es-errors 53ms (cache miss)
322 silly packumentCache full:https://registry.npmjs.org/es-errors set size:undefined disposed:false
323 http fetch GET 200 https://registry.npmjs.org/side-channel-weakmap 75ms (cache miss)
324 silly packumentCache full:https://registry.npmjs.org/side-channel-weakmap set size:undefined disposed:false
325 silly placeDep ROOT unpipe@1.0.0 OK for: raw-body@3.0.2 want: ~1.0.0
326 silly placeDep ROOT is-promise@4.0.0 OK for: router@2.2.0 want: ^4.0.0
327 silly placeDep ROOT path-to-regexp@8.3.0 OK for: router@2.2.0 want: ^8.0.0
328 silly placeDep ROOT es-errors@1.3.0 OK for: side-channel@1.1.0 want: ^1.3.0
329 silly placeDep ROOT object-inspect@1.13.4 OK for: side-channel@1.1.0 want: ^1.13.3
330 silly placeDep ROOT side-channel-list@1.0.0 OK for: side-channel@1.1.0 want: ^1.0.0
331 silly placeDep ROOT side-channel-map@1.0.1 OK for: side-channel@1.1.0 want: ^1.0.1
332 silly placeDep ROOT side-channel-weakmap@1.0.2 OK for: side-channel@1.1.0 want: ^1.0.2
333 silly fetch manifest call-bound@^1.0.2
334 silly packumentCache full:https://registry.npmjs.org/call-bound cache-miss
335 silly fetch manifest get-intrinsic@^1.2.5
336 silly packumentCache full:https://registry.npmjs.org/get-intrinsic cache-miss
337 silly fetch manifest call-bound@^1.0.2
338 silly packumentCache full:https://registry.npmjs.org/call-bound cache-miss
339 silly fetch manifest get-intrinsic@^1.2.5
340 silly packumentCache full:https://registry.npmjs.org/get-intrinsic cache-miss
341 http fetch GET 200 https://registry.npmjs.org/call-bound 28ms (cache miss)
342 silly packumentCache full:https://registry.npmjs.org/call-bound set size:undefined disposed:false
343 http fetch GET 200 https://registry.npmjs.org/call-bound 64ms (cache miss)
344 silly packumentCache full:https://registry.npmjs.org/call-bound set size:undefined disposed:false
345 http fetch GET 200 https://registry.npmjs.org/get-intrinsic 65ms (cache miss)
346 silly packumentCache full:https://registry.npmjs.org/get-intrinsic set size:undefined disposed:false
347 http fetch GET 200 https://registry.npmjs.org/get-intrinsic 223ms (cache miss)
348 silly packumentCache full:https://registry.npmjs.org/get-intrinsic set size:undefined disposed:false
349 silly placeDep ROOT call-bound@1.0.4 OK for: side-channel-map@1.0.1 want: ^1.0.2
350 silly placeDep ROOT get-intrinsic@1.3.0 OK for: side-channel-map@1.0.1 want: ^1.2.5
351 silly fetch manifest call-bind-apply-helpers@^1.0.2
352 silly packumentCache full:https://registry.npmjs.org/call-bind-apply-helpers cache-miss
353 silly fetch manifest get-intrinsic@^1.3.0
354 silly packumentCache full:https://registry.npmjs.org/get-intrinsic cache-miss
355 silly fetch manifest gopd@^1.2.0
356 silly packumentCache full:https://registry.npmjs.org/gopd cache-miss
357 silly fetch manifest hasown@^2.0.2
358 silly packumentCache full:https://registry.npmjs.org/hasown cache-miss
359 silly fetch manifest get-proto@^1.0.1
360 silly packumentCache full:https://registry.npmjs.org/get-proto cache-miss
361 silly fetch manifest has-symbols@^1.1.0
362 silly packumentCache full:https://registry.npmjs.org/has-symbols cache-miss
363 silly fetch manifest function-bind@^1.1.2
364 silly packumentCache full:https://registry.npmjs.org/function-bind cache-miss
365 http cache https://registry.npmjs.org/get-intrinsic 9ms (cache hit)
366 silly packumentCache full:https://registry.npmjs.org/get-intrinsic set size:60985 disposed:false
367 silly fetch manifest es-object-atoms@^1.1.1
368 silly packumentCache full:https://registry.npmjs.org/es-object-atoms cache-miss
369 http fetch GET 200 https://registry.npmjs.org/call-bind-apply-helpers 29ms (cache miss)
370 silly packumentCache full:https://registry.npmjs.org/call-bind-apply-helpers set size:undefined disposed:false
371 silly fetch manifest math-intrinsics@^1.1.0
372 silly packumentCache full:https://registry.npmjs.org/math-intrinsics cache-miss
373 http fetch GET 200 https://registry.npmjs.org/get-proto 37ms (cache miss)
374 silly packumentCache full:https://registry.npmjs.org/get-proto set size:undefined disposed:false
375 silly fetch manifest es-define-property@^1.0.1
376 silly packumentCache full:https://registry.npmjs.org/es-define-property cache-miss
377 http fetch GET 200 https://registry.npmjs.org/gopd 52ms (cache miss)
378 silly packumentCache full:https://registry.npmjs.org/gopd set size:undefined disposed:false
379 http fetch GET 200 https://registry.npmjs.org/hasown 55ms (cache miss)
380 silly packumentCache full:https://registry.npmjs.org/hasown set size:undefined disposed:false
381 http fetch GET 200 https://registry.npmjs.org/function-bind 57ms (cache miss)
382 silly packumentCache full:https://registry.npmjs.org/function-bind set size:undefined disposed:false
383 http fetch GET 200 https://registry.npmjs.org/has-symbols 234ms (cache miss)
384 silly packumentCache full:https://registry.npmjs.org/has-symbols set size:undefined disposed:false
385 http fetch GET 200 https://registry.npmjs.org/es-object-atoms 227ms (cache miss)
386 silly packumentCache full:https://registry.npmjs.org/es-object-atoms set size:undefined disposed:false
387 http fetch GET 200 https://registry.npmjs.org/math-intrinsics 218ms (cache miss)
388 silly packumentCache full:https://registry.npmjs.org/math-intrinsics set size:undefined disposed:false
389 http fetch GET 200 https://registry.npmjs.org/es-define-property 219ms (cache miss)
390 silly packumentCache full:https://registry.npmjs.org/es-define-property set size:undefined disposed:false
391 silly placeDep ROOT call-bind-apply-helpers@1.0.2 OK for: call-bound@1.0.4 want: ^1.0.2
392 silly placeDep ROOT function-bind@1.1.2 OK for: call-bind-apply-helpers@1.0.2 want: ^1.1.2
393 silly placeDep ROOT es-define-property@1.0.1 OK for: get-intrinsic@1.3.0 want: ^1.0.1
394 silly placeDep ROOT es-object-atoms@1.1.1 OK for: get-intrinsic@1.3.0 want: ^1.1.1
395 silly placeDep ROOT get-proto@1.0.1 OK for: get-intrinsic@1.3.0 want: ^1.0.1
396 silly placeDep ROOT gopd@1.2.0 OK for: get-intrinsic@1.3.0 want: ^1.2.0
397 silly placeDep ROOT has-symbols@1.1.0 OK for: get-intrinsic@1.3.0 want: ^1.1.0
398 silly placeDep ROOT hasown@2.0.2 OK for: get-intrinsic@1.3.0 want: ^2.0.2
399 silly placeDep ROOT math-intrinsics@1.1.0 OK for: get-intrinsic@1.3.0 want: ^1.1.0
400 silly fetch manifest dunder-proto@^1.0.1
401 silly packumentCache full:https://registry.npmjs.org/dunder-proto cache-miss
402 http fetch GET 200 https://registry.npmjs.org/dunder-proto 53ms (cache miss)
403 silly packumentCache full:https://registry.npmjs.org/dunder-proto set size:undefined disposed:false
404 silly placeDep ROOT dunder-proto@1.0.1 OK for: get-proto@1.0.1 want: ^1.0.1
405 silly placeDep ROOT media-typer@1.1.0 OK for: type-is@2.0.1 want: ^1.1.0
406 silly reify moves {}
407 silly audit bulk request {
407 silly audit   '@eslint-community/eslint-utils': [ '4.9.1' ],
407 silly audit   'eslint-visitor-keys': [ '3.4.3', '4.2.1' ],
407 silly audit   '@eslint-community/regexpp': [ '4.12.2' ],
407 silly audit   '@eslint/config-array': [ '0.21.1' ],
407 silly audit   '@eslint/config-helpers': [ '0.4.2' ],
407 silly audit   '@eslint/core': [ '0.17.0' ],
407 silly audit   '@eslint/eslintrc': [ '3.3.3' ],
407 silly audit   '@eslint/js': [ '9.39.2' ],
407 silly audit   '@eslint/object-schema': [ '2.1.7' ],
407 silly audit   '@eslint/plugin-kit': [ '0.4.1' ],
407 silly audit   '@humanfs/core': [ '0.19.1' ],
407 silly audit   '@humanfs/node': [ '0.16.7' ],
407 silly audit   '@humanwhocodes/module-importer': [ '1.0.1' ],
407 silly audit   '@humanwhocodes/retry': [ '0.4.3' ],
407 silly audit   '@types/estree': [ '1.0.8' ],
407 silly audit   '@types/json-schema': [ '7.0.15' ],
407 silly audit   acorn: [ '8.15.0' ],
407 silly audit   'acorn-jsx': [ '5.3.2' ],
407 silly audit   ajv: [ '6.12.6' ],
407 silly audit   'ansi-styles': [ '4.3.0' ],
407 silly audit   anymatch: [ '3.1.3' ],
407 silly audit   argparse: [ '2.0.1' ],
407 silly audit   'balanced-match': [ '1.0.2' ],
407 silly audit   'bignumber.js': [ '9.0.0' ],
407 silly audit   'binary-extensions': [ '2.3.0' ],
407 silly audit   'brace-expansion': [ '1.1.12' ],
407 silly audit   braces: [ '3.0.3' ],
407 silly audit   callsites: [ '3.1.0' ],
407 silly audit   chalk: [ '4.1.2' ],
407 silly audit   chokidar: [ '3.6.0' ],
407 silly audit   'glob-parent': [ '5.1.2', '6.0.2' ],
407 silly audit   'color-convert': [ '2.0.1' ],
407 silly audit   'color-name': [ '1.1.4' ],
407 silly audit   'concat-map': [ '0.0.1' ],
407 silly audit   'core-util-is': [ '1.0.3' ],
407 silly audit   'cross-spawn': [ '7.0.6' ],
407 silly audit   debug: [ '4.4.3' ],
407 silly audit   'deep-is': [ '0.1.4' ],
407 silly audit   'escape-string-regexp': [ '4.0.0' ],
407 silly audit   eslint: [ '9.39.2' ],
407 silly audit   'eslint-scope': [ '8.4.0' ],
407 silly audit   espree: [ '10.4.0' ],
407 silly audit   esquery: [ '1.7.0' ],
407 silly audit   esrecurse: [ '4.3.0' ],
407 silly audit   estraverse: [ '5.3.0' ],
407 silly audit   esutils: [ '2.0.3' ],
407 silly audit   'fast-deep-equal': [ '3.1.3' ],
407 silly audit   'fast-json-stable-stringify': [ '2.1.0' ],
407 silly audit   'fast-levenshtein': [ '2.0.6' ],
407 silly audit   'file-entry-cache': [ '8.0.0' ],
407 silly audit   'fill-range': [ '7.1.1' ],
407 silly audit   'find-up': [ '5.0.0' ],
407 silly audit   'flat-cache': [ '4.0.1' ],
407 silly audit   flatted: [ '3.3.3' ],
407 silly audit   fsevents: [ '2.3.3' ],
407 silly audit   globals: [ '14.0.0' ],
407 silly audit   'has-flag': [ '4.0.0', '3.0.0' ],
407 silly audit   ignore: [ '5.3.2' ],
407 silly audit   'ignore-by-default': [ '1.0.1' ],
407 silly audit   'import-fresh': [ '3.3.1' ],
407 silly audit   imurmurhash: [ '0.1.4' ],
407 silly audit   inherits: [ '2.0.4' ],
407 silly audit   'is-binary-path': [ '2.1.0' ],
407 silly audit   'is-extglob': [ '2.1.1' ],
407 silly audit   'is-glob': [ '4.0.3' ],
407 silly audit   'is-number': [ '7.0.0' ],
407 silly audit   isarray: [ '1.0.0' ],
407 silly audit   isexe: [ '2.0.0' ],
407 silly audit   'js-yaml': [ '4.1.1' ],
407 silly audit   'json-buffer': [ '3.0.1' ],
407 silly audit   'json-schema-traverse': [ '0.4.1' ],
407 silly audit   'json-stable-stringify-without-jsonify': [ '1.0.1' ],
407 silly audit   keyv: [ '4.5.4' ],
407 silly audit   levn: [ '0.4.1' ],
407 silly audit   'locate-path': [ '6.0.0' ],
407 silly audit   'lodash.merge': [ '4.6.2' ],
407 silly audit   minimatch: [ '3.1.2' ],
407 silly audit   ms: [ '2.1.3' ],
407 silly audit   mysql: [ '2.18.1' ],
407 silly audit   'natural-compare': [ '1.4.0' ],
407 silly audit   nodemon: [ '3.1.11' ],
407 silly audit   'supports-color': [ '5.5.0', '7.2.0' ],
407 silly audit   'normalize-path': [ '3.0.0' ],
407 silly audit   optionator: [ '0.9.4' ],
407 silly audit   'p-limit': [ '3.1.0' ],
407 silly audit   'p-locate': [ '5.0.0' ],
407 silly audit   'parent-module': [ '1.0.1' ],
407 silly audit   'path-exists': [ '4.0.0' ],
407 silly audit   'path-key': [ '3.1.1' ],
407 silly audit   picomatch: [ '2.3.1' ],
407 silly audit   'prelude-ls': [ '1.2.1' ],
407 silly audit   'process-nextick-args': [ '2.0.1' ],
407 silly audit   'pstree.remy': [ '1.1.8' ],
407 silly audit   punycode: [ '2.3.1' ],
407 silly audit   'readable-stream': [ '2.3.7' ],
407 silly audit   readdirp: [ '3.6.0' ],
407 silly audit   'resolve-from': [ '4.0.0' ],
407 silly audit   'safe-buffer': [ '5.1.2' ],
407 silly audit   semver: [ '7.7.3' ],
407 silly audit   'shebang-command': [ '2.0.0' ],
407 silly audit   'shebang-regex': [ '3.0.0' ],
407 silly audit   'simple-update-notifier': [ '2.0.0' ],
407 silly audit   sqlstring: [ '2.3.1', '2.3.3' ],
407 silly audit   string_decoder: [ '1.1.1' ],
407 silly audit   'strip-json-comments': [ '3.1.1' ],
407 silly audit   'to-regex-range': [ '5.0.1' ],
407 silly audit   touch: [ '3.1.1' ],
407 silly audit   'type-check': [ '0.4.0' ],
407 silly audit   undefsafe: [ '2.0.5' ],
407 silly audit   'uri-js': [ '4.4.1' ],
407 silly audit   'util-deprecate': [ '1.0.2' ],
407 silly audit   which: [ '2.0.2' ],
407 silly audit   'word-wrap': [ '1.2.5' ],
407 silly audit   'yocto-queue': [ '0.1.0' ],
407 silly audit   dotenv: [ '17.2.4' ],
407 silly audit   express: [ '5.2.1' ],
407 silly audit   mysql2: [ '3.16.3' ],
407 silly audit   accepts: [ '2.0.0' ],
407 silly audit   'body-parser': [ '2.2.2' ],
407 silly audit   'content-disposition': [ '1.0.1' ],
407 silly audit   'content-type': [ '1.0.5' ],
407 silly audit   cookie: [ '0.7.2' ],
407 silly audit   'cookie-signature': [ '1.2.2' ],
407 silly audit   depd: [ '2.0.0' ],
407 silly audit   encodeurl: [ '2.0.0' ],
407 silly audit   'escape-html': [ '1.0.3' ],
407 silly audit   etag: [ '1.8.1' ],
407 silly audit   finalhandler: [ '2.1.1' ],
407 silly audit   fresh: [ '2.0.0' ],
407 silly audit   'http-errors': [ '2.0.1' ],
407 silly audit   'merge-descriptors': [ '2.0.0' ],
407 silly audit   'mime-types': [ '3.0.2' ],
407 silly audit   'on-finished': [ '2.4.1' ],
407 silly audit   once: [ '1.4.0' ],
407 silly audit   parseurl: [ '1.3.3' ],
407 silly audit   'proxy-addr': [ '2.0.7' ],
407 silly audit   qs: [ '6.14.1' ],
407 silly audit   'range-parser': [ '1.2.1' ],
407 silly audit   router: [ '2.2.0' ],
407 silly audit   send: [ '1.2.1' ],
407 silly audit   'serve-static': [ '2.2.1' ],
407 silly audit   statuses: [ '2.0.2' ],
407 silly audit   'type-is': [ '2.0.1' ],
407 silly audit   vary: [ '1.1.2' ],
407 silly audit   negotiator: [ '1.0.0' ],
407 silly audit   bytes: [ '3.1.2' ],
407 silly audit   'iconv-lite': [ '0.7.2' ],
407 silly audit   'raw-body': [ '3.0.2' ],
407 silly audit   setprototypeof: [ '1.2.0' ],
407 silly audit   toidentifier: [ '1.0.1' ],
407 silly audit   'safer-buffer': [ '2.1.2' ],
407 silly audit   'mime-db': [ '1.54.0' ],
407 silly audit   'aws-ssl-profiles': [ '1.1.2' ],
407 silly audit   denque: [ '2.1.0' ],
407 silly audit   'generate-function': [ '2.3.1' ],
407 silly audit   long: [ '5.3.2' ],
407 silly audit   'lru.min': [ '1.1.4' ],
407 silly audit   'named-placeholders': [ '1.1.6' ],
407 silly audit   'seq-queue': [ '0.0.5' ],
407 silly audit   'is-property': [ '1.0.2' ],
407 silly audit   'ee-first': [ '1.1.1' ],
407 silly audit   wrappy: [ '1.0.2' ],
407 silly audit   forwarded: [ '0.2.0' ],
407 silly audit   'ipaddr.js': [ '1.9.1' ],
407 silly audit   'side-channel': [ '1.1.0' ],
407 silly audit   unpipe: [ '1.0.0' ],
407 silly audit   'is-promise': [ '4.0.0' ],
407 silly audit   'path-to-regexp': [ '8.3.0' ],
407 silly audit   'es-errors': [ '1.3.0' ],
407 silly audit   'object-inspect': [ '1.13.4' ],
407 silly audit   'side-channel-list': [ '1.0.0' ],
407 silly audit   'side-channel-map': [ '1.0.1' ],
407 silly audit   'side-channel-weakmap': [ '1.0.2' ],
407 silly audit   'call-bound': [ '1.0.4' ],
407 silly audit   'get-intrinsic': [ '1.3.0' ],
407 silly audit   'call-bind-apply-helpers': [ '1.0.2' ],
407 silly audit   'function-bind': [ '1.1.2' ],
407 silly audit   'es-define-property': [ '1.0.1' ],
407 silly audit   'es-object-atoms': [ '1.1.1' ],
407 silly audit   'get-proto': [ '1.0.1' ],
407 silly audit   gopd: [ '1.2.0' ],
407 silly audit   'has-symbols': [ '1.1.0' ],
407 silly audit   hasown: [ '2.0.2' ],
407 silly audit   'math-intrinsics': [ '1.1.0' ],
407 silly audit   'dunder-proto': [ '1.0.1' ],
407 silly audit   'media-typer': [ '1.1.0' ]
407 silly audit }
408 http cache media-typer@https://registry.npmjs.org/media-typer/-/media-typer-1.1.0.tgz 0ms (cache hit)
409 http cache dunder-proto@https://registry.npmjs.org/dunder-proto/-/dunder-proto-1.0.1.tgz 0ms (cache hit)
410 http cache hasown@https://registry.npmjs.org/hasown/-/hasown-2.0.2.tgz 0ms (cache hit)
411 http cache math-intrinsics@https://registry.npmjs.org/math-intrinsics/-/math-intrinsics-1.1.0.tgz 0ms (cache hit)
412 http cache has-symbols@https://registry.npmjs.org/has-symbols/-/has-symbols-1.1.0.tgz 0ms (cache hit)
413 http cache gopd@https://registry.npmjs.org/gopd/-/gopd-1.2.0.tgz 0ms (cache hit)
414 http cache get-proto@https://registry.npmjs.org/get-proto/-/get-proto-1.0.1.tgz 0ms (cache hit)
415 http cache es-object-atoms@https://registry.npmjs.org/es-object-atoms/-/es-object-atoms-1.1.1.tgz 0ms (cache hit)
416 http cache es-define-property@https://registry.npmjs.org/es-define-property/-/es-define-property-1.0.1.tgz 0ms (cache hit)
417 http cache function-bind@https://registry.npmjs.org/function-bind/-/function-bind-1.1.2.tgz 0ms (cache hit)
418 http cache call-bind-apply-helpers@https://registry.npmjs.org/call-bind-apply-helpers/-/call-bind-apply-helpers-1.0.2.tgz 0ms (cache hit)
419 http cache get-intrinsic@https://registry.npmjs.org/get-intrinsic/-/get-intrinsic-1.3.0.tgz 0ms (cache hit)
420 http cache call-bound@https://registry.npmjs.org/call-bound/-/call-bound-1.0.4.tgz 0ms (cache hit)
421 http cache side-channel-weakmap@https://registry.npmjs.org/side-channel-weakmap/-/side-channel-weakmap-1.0.2.tgz 0ms (cache hit)
422 http cache side-channel-map@https://registry.npmjs.org/side-channel-map/-/side-channel-map-1.0.1.tgz 0ms (cache hit)
423 http cache side-channel-list@https://registry.npmjs.org/side-channel-list/-/side-channel-list-1.0.0.tgz 0ms (cache hit)
424 http cache object-inspect@https://registry.npmjs.org/object-inspect/-/object-inspect-1.13.4.tgz 0ms (cache hit)
425 http cache es-errors@https://registry.npmjs.org/es-errors/-/es-errors-1.3.0.tgz 0ms (cache hit)
426 http cache path-to-regexp@https://registry.npmjs.org/path-to-regexp/-/path-to-regexp-8.3.0.tgz 0ms (cache hit)
427 http cache is-promise@https://registry.npmjs.org/is-promise/-/is-promise-4.0.0.tgz 0ms (cache hit)
428 http cache unpipe@https://registry.npmjs.org/unpipe/-/unpipe-1.0.0.tgz 0ms (cache hit)
429 http cache side-channel@https://registry.npmjs.org/side-channel/-/side-channel-1.1.0.tgz 0ms (cache hit)
430 http cache forwarded@https://registry.npmjs.org/forwarded/-/forwarded-0.2.0.tgz 1ms (cache hit)
431 http cache wrappy@https://registry.npmjs.org/wrappy/-/wrappy-1.0.2.tgz 0ms (cache hit)
432 http cache ipaddr.js@https://registry.npmjs.org/ipaddr.js/-/ipaddr.js-1.9.1.tgz 0ms (cache hit)
433 http cache ee-first@https://registry.npmjs.org/ee-first/-/ee-first-1.1.1.tgz 0ms (cache hit)
434 http cache seq-queue@https://registry.npmjs.org/seq-queue/-/seq-queue-0.0.5.tgz 0ms (cache hit)
435 http cache is-property@https://registry.npmjs.org/is-property/-/is-property-1.0.2.tgz 0ms (cache hit)
436 http cache named-placeholders@https://registry.npmjs.org/named-placeholders/-/named-placeholders-1.1.6.tgz 0ms (cache hit)
437 http cache lru.min@https://registry.npmjs.org/lru.min/-/lru.min-1.1.4.tgz 0ms (cache hit)
438 http cache long@https://registry.npmjs.org/long/-/long-5.3.2.tgz 0ms (cache hit)
439 http cache denque@https://registry.npmjs.org/denque/-/denque-2.1.0.tgz 0ms (cache hit)
440 http cache aws-ssl-profiles@https://registry.npmjs.org/aws-ssl-profiles/-/aws-ssl-profiles-1.1.2.tgz 0ms (cache hit)
441 http cache safer-buffer@https://registry.npmjs.org/safer-buffer/-/safer-buffer-2.1.2.tgz 0ms (cache hit)
442 http cache generate-function@https://registry.npmjs.org/generate-function/-/generate-function-2.3.1.tgz 0ms (cache hit)
443 http cache mime-db@https://registry.npmjs.org/mime-db/-/mime-db-1.54.0.tgz 0ms (cache hit)
444 http cache toidentifier@https://registry.npmjs.org/toidentifier/-/toidentifier-1.0.1.tgz 0ms (cache hit)
445 http cache setprototypeof@https://registry.npmjs.org/setprototypeof/-/setprototypeof-1.2.0.tgz 0ms (cache hit)
446 http cache raw-body@https://registry.npmjs.org/raw-body/-/raw-body-3.0.2.tgz 1ms (cache hit)
447 http cache iconv-lite@https://registry.npmjs.org/iconv-lite/-/iconv-lite-0.7.2.tgz 0ms (cache hit)
448 http cache bytes@https://registry.npmjs.org/bytes/-/bytes-3.1.2.tgz 0ms (cache hit)
449 http cache negotiator@https://registry.npmjs.org/negotiator/-/negotiator-1.0.0.tgz 0ms (cache hit)
450 http cache vary@https://registry.npmjs.org/vary/-/vary-1.1.2.tgz 0ms (cache hit)
451 http cache type-is@https://registry.npmjs.org/type-is/-/type-is-2.0.1.tgz 0ms (cache hit)
452 http cache serve-static@https://registry.npmjs.org/serve-static/-/serve-static-2.2.1.tgz 0ms (cache hit)
453 http cache statuses@https://registry.npmjs.org/statuses/-/statuses-2.0.2.tgz 0ms (cache hit)
454 http cache send@https://registry.npmjs.org/send/-/send-1.2.1.tgz 0ms (cache hit)
455 http cache router@https://registry.npmjs.org/router/-/router-2.2.0.tgz 0ms (cache hit)
456 http cache range-parser@https://registry.npmjs.org/range-parser/-/range-parser-1.2.1.tgz 0ms (cache hit)
457 http cache qs@https://registry.npmjs.org/qs/-/qs-6.14.1.tgz 0ms (cache hit)
458 http cache proxy-addr@https://registry.npmjs.org/proxy-addr/-/proxy-addr-2.0.7.tgz 0ms (cache hit)
459 http cache parseurl@https://registry.npmjs.org/parseurl/-/parseurl-1.3.3.tgz 0ms (cache hit)
460 http cache once@https://registry.npmjs.org/once/-/once-1.4.0.tgz 0ms (cache hit)
461 http cache on-finished@https://registry.npmjs.org/on-finished/-/on-finished-2.4.1.tgz 0ms (cache hit)
462 http cache mime-types@https://registry.npmjs.org/mime-types/-/mime-types-3.0.2.tgz 0ms (cache hit)
463 http cache merge-descriptors@https://registry.npmjs.org/merge-descriptors/-/merge-descriptors-2.0.0.tgz 0ms (cache hit)
464 http cache http-errors@https://registry.npmjs.org/http-errors/-/http-errors-2.0.1.tgz 0ms (cache hit)
465 http cache finalhandler@https://registry.npmjs.org/finalhandler/-/finalhandler-2.1.1.tgz 0ms (cache hit)
466 http cache fresh@https://registry.npmjs.org/fresh/-/fresh-2.0.0.tgz 0ms (cache hit)
467 http cache etag@https://registry.npmjs.org/etag/-/etag-1.8.1.tgz 0ms (cache hit)
468 http cache escape-html@https://registry.npmjs.org/escape-html/-/escape-html-1.0.3.tgz 0ms (cache hit)
469 http cache encodeurl@https://registry.npmjs.org/encodeurl/-/encodeurl-2.0.0.tgz 0ms (cache hit)
470 http cache depd@https://registry.npmjs.org/depd/-/depd-2.0.0.tgz 0ms (cache hit)
471 http cache cookie-signature@https://registry.npmjs.org/cookie-signature/-/cookie-signature-1.2.2.tgz 0ms (cache hit)
472 http cache content-type@https://registry.npmjs.org/content-type/-/content-type-1.0.5.tgz 0ms (cache hit)
473 http cache content-disposition@https://registry.npmjs.org/content-disposition/-/content-disposition-1.0.1.tgz 0ms (cache hit)
474 http cache body-parser@https://registry.npmjs.org/body-parser/-/body-parser-2.2.2.tgz 0ms (cache hit)
475 http cache accepts@https://registry.npmjs.org/accepts/-/accepts-2.0.0.tgz 0ms (cache hit)
476 http cache sqlstring@https://registry.npmjs.org/sqlstring/-/sqlstring-2.3.3.tgz 0ms (cache hit)
477 http cache cookie@https://registry.npmjs.org/cookie/-/cookie-0.7.2.tgz 0ms (cache hit)
478 silly tarball no local data for media-typer@https://registry.npmjs.org/media-typer/-/media-typer-1.1.0.tgz. Extracting by manifest.
479 silly tarball no local data for dunder-proto@https://registry.npmjs.org/dunder-proto/-/dunder-proto-1.0.1.tgz. Extracting by manifest.
480 silly tarball no local data for hasown@https://registry.npmjs.org/hasown/-/hasown-2.0.2.tgz. Extracting by manifest.
481 silly tarball no local data for math-intrinsics@https://registry.npmjs.org/math-intrinsics/-/math-intrinsics-1.1.0.tgz. Extracting by manifest.
482 silly tarball no local data for has-symbols@https://registry.npmjs.org/has-symbols/-/has-symbols-1.1.0.tgz. Extracting by manifest.
483 silly tarball no local data for gopd@https://registry.npmjs.org/gopd/-/gopd-1.2.0.tgz. Extracting by manifest.
484 silly tarball no local data for get-proto@https://registry.npmjs.org/get-proto/-/get-proto-1.0.1.tgz. Extracting by manifest.
485 silly tarball no local data for es-object-atoms@https://registry.npmjs.org/es-object-atoms/-/es-object-atoms-1.1.1.tgz. Extracting by manifest.
486 silly tarball no local data for es-define-property@https://registry.npmjs.org/es-define-property/-/es-define-property-1.0.1.tgz. Extracting by manifest.
487 silly tarball no local data for function-bind@https://registry.npmjs.org/function-bind/-/function-bind-1.1.2.tgz. Extracting by manifest.
488 silly tarball no local data for call-bind-apply-helpers@https://registry.npmjs.org/call-bind-apply-helpers/-/call-bind-apply-helpers-1.0.2.tgz. Extracting by manifest.
489 silly tarball no local data for get-intrinsic@https://registry.npmjs.org/get-intrinsic/-/get-intrinsic-1.3.0.tgz. Extracting by manifest.
490 silly tarball no local data for call-bound@https://registry.npmjs.org/call-bound/-/call-bound-1.0.4.tgz. Extracting by manifest.
491 silly tarball no local data for side-channel-weakmap@https://registry.npmjs.org/side-channel-weakmap/-/side-channel-weakmap-1.0.2.tgz. Extracting by manifest.
492 silly tarball no local data for side-channel-map@https://registry.npmjs.org/side-channel-map/-/side-channel-map-1.0.1.tgz. Extracting by manifest.
493 silly tarball no local data for side-channel-list@https://registry.npmjs.org/side-channel-list/-/side-channel-list-1.0.0.tgz. Extracting by manifest.
494 silly tarball no local data for object-inspect@https://registry.npmjs.org/object-inspect/-/object-inspect-1.13.4.tgz. Extracting by manifest.
495 silly tarball no local data for es-errors@https://registry.npmjs.org/es-errors/-/es-errors-1.3.0.tgz. Extracting by manifest.
496 silly tarball no local data for path-to-regexp@https://registry.npmjs.org/path-to-regexp/-/path-to-regexp-8.3.0.tgz. Extracting by manifest.
497 silly tarball no local data for is-promise@https://registry.npmjs.org/is-promise/-/is-promise-4.0.0.tgz. Extracting by manifest.
498 silly tarball no local data for unpipe@https://registry.npmjs.org/unpipe/-/unpipe-1.0.0.tgz. Extracting by manifest.
499 http cache mysql2@https://registry.npmjs.org/mysql2/-/mysql2-3.16.3.tgz 0ms (cache hit)
500 silly tarball no local data for side-channel@https://registry.npmjs.org/side-channel/-/side-channel-1.1.0.tgz. Extracting by manifest.
501 silly tarball no local data for forwarded@https://registry.npmjs.org/forwarded/-/forwarded-0.2.0.tgz. Extracting by manifest.
502 silly tarball no local data for wrappy@https://registry.npmjs.org/wrappy/-/wrappy-1.0.2.tgz. Extracting by manifest.
503 silly tarball no local data for ipaddr.js@https://registry.npmjs.org/ipaddr.js/-/ipaddr.js-1.9.1.tgz. Extracting by manifest.
504 silly tarball no local data for ee-first@https://registry.npmjs.org/ee-first/-/ee-first-1.1.1.tgz. Extracting by manifest.
505 silly tarball no local data for seq-queue@https://registry.npmjs.org/seq-queue/-/seq-queue-0.0.5.tgz. Extracting by manifest.
506 silly tarball no local data for is-property@https://registry.npmjs.org/is-property/-/is-property-1.0.2.tgz. Extracting by manifest.
507 http cache express@https://registry.npmjs.org/express/-/express-5.2.1.tgz 0ms (cache hit)
508 silly tarball no local data for named-placeholders@https://registry.npmjs.org/named-placeholders/-/named-placeholders-1.1.6.tgz. Extracting by manifest.
509 silly tarball no local data for lru.min@https://registry.npmjs.org/lru.min/-/lru.min-1.1.4.tgz. Extracting by manifest.
510 http cache dotenv@https://registry.npmjs.org/dotenv/-/dotenv-17.2.4.tgz 0ms (cache hit)
511 silly tarball no local data for long@https://registry.npmjs.org/long/-/long-5.3.2.tgz. Extracting by manifest.
512 silly tarball no local data for denque@https://registry.npmjs.org/denque/-/denque-2.1.0.tgz. Extracting by manifest.
513 silly tarball no local data for aws-ssl-profiles@https://registry.npmjs.org/aws-ssl-profiles/-/aws-ssl-profiles-1.1.2.tgz. Extracting by manifest.
514 silly tarball no local data for safer-buffer@https://registry.npmjs.org/safer-buffer/-/safer-buffer-2.1.2.tgz. Extracting by manifest.
515 silly tarball no local data for generate-function@https://registry.npmjs.org/generate-function/-/generate-function-2.3.1.tgz. Extracting by manifest.
516 silly tarball no local data for mime-db@https://registry.npmjs.org/mime-db/-/mime-db-1.54.0.tgz. Extracting by manifest.
517 silly tarball no local data for toidentifier@https://registry.npmjs.org/toidentifier/-/toidentifier-1.0.1.tgz. Extracting by manifest.
518 silly tarball no local data for setprototypeof@https://registry.npmjs.org/setprototypeof/-/setprototypeof-1.2.0.tgz. Extracting by manifest.
519 silly tarball no local data for raw-body@https://registry.npmjs.org/raw-body/-/raw-body-3.0.2.tgz. Extracting by manifest.
520 silly tarball no local data for iconv-lite@https://registry.npmjs.org/iconv-lite/-/iconv-lite-0.7.2.tgz. Extracting by manifest.
521 silly tarball no local data for bytes@https://registry.npmjs.org/bytes/-/bytes-3.1.2.tgz. Extracting by manifest.
522 silly tarball no local data for negotiator@https://registry.npmjs.org/negotiator/-/negotiator-1.0.0.tgz. Extracting by manifest.
523 silly tarball no local data for vary@https://registry.npmjs.org/vary/-/vary-1.1.2.tgz. Extracting by manifest.
524 silly tarball no local data for type-is@https://registry.npmjs.org/type-is/-/type-is-2.0.1.tgz. Extracting by manifest.
525 silly tarball no local data for serve-static@https://registry.npmjs.org/serve-static/-/serve-static-2.2.1.tgz. Extracting by manifest.
526 silly tarball no local data for statuses@https://registry.npmjs.org/statuses/-/statuses-2.0.2.tgz. Extracting by manifest.
527 silly tarball no local data for send@https://registry.npmjs.org/send/-/send-1.2.1.tgz. Extracting by manifest.
528 silly tarball no local data for router@https://registry.npmjs.org/router/-/router-2.2.0.tgz. Extracting by manifest.
529 silly tarball no local data for range-parser@https://registry.npmjs.org/range-parser/-/range-parser-1.2.1.tgz. Extracting by manifest.
530 silly tarball no local data for qs@https://registry.npmjs.org/qs/-/qs-6.14.1.tgz. Extracting by manifest.
531 silly tarball no local data for proxy-addr@https://registry.npmjs.org/proxy-addr/-/proxy-addr-2.0.7.tgz. Extracting by manifest.
532 silly tarball no local data for parseurl@https://registry.npmjs.org/parseurl/-/parseurl-1.3.3.tgz. Extracting by manifest.
533 silly tarball no local data for once@https://registry.npmjs.org/once/-/once-1.4.0.tgz. Extracting by manifest.
534 silly tarball no local data for on-finished@https://registry.npmjs.org/on-finished/-/on-finished-2.4.1.tgz. Extracting by manifest.
535 silly tarball no local data for mime-types@https://registry.npmjs.org/mime-types/-/mime-types-3.0.2.tgz. Extracting by manifest.
536 silly tarball no local data for merge-descriptors@https://registry.npmjs.org/merge-descriptors/-/merge-descriptors-2.0.0.tgz. Extracting by manifest.
537 silly tarball no local data for http-errors@https://registry.npmjs.org/http-errors/-/http-errors-2.0.1.tgz. Extracting by manifest.
538 silly tarball no local data for finalhandler@https://registry.npmjs.org/finalhandler/-/finalhandler-2.1.1.tgz. Extracting by manifest.
539 silly tarball no local data for fresh@https://registry.npmjs.org/fresh/-/fresh-2.0.0.tgz. Extracting by manifest.
540 silly tarball no local data for etag@https://registry.npmjs.org/etag/-/etag-1.8.1.tgz. Extracting by manifest.
541 silly tarball no local data for escape-html@https://registry.npmjs.org/escape-html/-/escape-html-1.0.3.tgz. Extracting by manifest.
542 silly tarball no local data for encodeurl@https://registry.npmjs.org/encodeurl/-/encodeurl-2.0.0.tgz. Extracting by manifest.
543 silly tarball no local data for depd@https://registry.npmjs.org/depd/-/depd-2.0.0.tgz. Extracting by manifest.
544 silly tarball no local data for cookie-signature@https://registry.npmjs.org/cookie-signature/-/cookie-signature-1.2.2.tgz. Extracting by manifest.
545 silly tarball no local data for content-type@https://registry.npmjs.org/content-type/-/content-type-1.0.5.tgz. Extracting by manifest.
546 silly tarball no local data for content-disposition@https://registry.npmjs.org/content-disposition/-/content-disposition-1.0.1.tgz. Extracting by manifest.
547 silly tarball no local data for body-parser@https://registry.npmjs.org/body-parser/-/body-parser-2.2.2.tgz. Extracting by manifest.
548 silly tarball no local data for accepts@https://registry.npmjs.org/accepts/-/accepts-2.0.0.tgz. Extracting by manifest.
549 silly tarball no local data for sqlstring@https://registry.npmjs.org/sqlstring/-/sqlstring-2.3.3.tgz. Extracting by manifest.
550 silly tarball no local data for cookie@https://registry.npmjs.org/cookie/-/cookie-0.7.2.tgz. Extracting by manifest.
551 silly tarball no local data for mysql2@https://registry.npmjs.org/mysql2/-/mysql2-3.16.3.tgz. Extracting by manifest.
552 silly tarball no local data for express@https://registry.npmjs.org/express/-/express-5.2.1.tgz. Extracting by manifest.
553 silly tarball no local data for dotenv@https://registry.npmjs.org/dotenv/-/dotenv-17.2.4.tgz. Extracting by manifest.
554 http fetch GET 200 https://registry.npmjs.org/dunder-proto/-/dunder-proto-1.0.1.tgz 151ms (cache miss)
555 http fetch GET 200 https://registry.npmjs.org/media-typer/-/media-typer-1.1.0.tgz 182ms (cache miss)
556 http fetch GET 200 https://registry.npmjs.org/unpipe/-/unpipe-1.0.0.tgz 201ms (cache miss)
557 http fetch GET 200 https://registry.npmjs.org/is-promise/-/is-promise-4.0.0.tgz 258ms (cache miss)
558 http fetch POST 200 https://registry.npmjs.org/-/npm/v1/security/advisories/bulk 316ms
559 silly audit report {}
560 http fetch GET 200 https://registry.npmjs.org/es-errors/-/es-errors-1.3.0.tgz 268ms (cache miss)
561 http fetch GET 200 https://registry.npmjs.org/ee-first/-/ee-first-1.1.1.tgz 333ms (cache miss)
562 http fetch GET 200 https://registry.npmjs.org/forwarded/-/forwarded-0.2.0.tgz 342ms (cache miss)
563 http fetch GET 200 https://registry.npmjs.org/wrappy/-/wrappy-1.0.2.tgz 342ms (cache miss)
564 http fetch GET 200 https://registry.npmjs.org/hasown/-/hasown-2.0.2.tgz 360ms (cache miss)
565 http fetch GET 200 https://registry.npmjs.org/named-placeholders/-/named-placeholders-1.1.6.tgz 345ms (cache miss)
566 http fetch GET 200 https://registry.npmjs.org/is-property/-/is-property-1.0.2.tgz 361ms (cache miss)
567 http fetch GET 200 https://registry.npmjs.org/generate-function/-/generate-function-2.3.1.tgz 358ms (cache miss)
568 http fetch GET 200 https://registry.npmjs.org/negotiator/-/negotiator-1.0.0.tgz 356ms (cache miss)
569 http fetch GET 200 https://registry.npmjs.org/range-parser/-/range-parser-1.2.1.tgz 374ms (cache miss)
570 http fetch GET 200 https://registry.npmjs.org/toidentifier/-/toidentifier-1.0.1.tgz 385ms (cache miss)
571 http fetch GET 200 https://registry.npmjs.org/parseurl/-/parseurl-1.3.3.tgz 380ms (cache miss)
572 http fetch GET 200 https://registry.npmjs.org/ipaddr.js/-/ipaddr.js-1.9.1.tgz 396ms (cache miss)
573 http fetch GET 200 https://registry.npmjs.org/serve-static/-/serve-static-2.2.1.tgz 389ms (cache miss)
574 http fetch GET 200 https://registry.npmjs.org/depd/-/depd-2.0.0.tgz 383ms (cache miss)
575 http fetch GET 200 https://registry.npmjs.org/encodeurl/-/encodeurl-2.0.0.tgz 384ms (cache miss)
576 http fetch GET 200 https://registry.npmjs.org/once/-/once-1.4.0.tgz 388ms (cache miss)
577 http fetch GET 200 https://registry.npmjs.org/vary/-/vary-1.1.2.tgz 393ms (cache miss)
578 http fetch GET 200 https://registry.npmjs.org/type-is/-/type-is-2.0.1.tgz 395ms (cache miss)
579 http fetch GET 200 https://registry.npmjs.org/merge-descriptors/-/merge-descriptors-2.0.0.tgz 392ms (cache miss)
580 http fetch GET 200 https://registry.npmjs.org/setprototypeof/-/setprototypeof-1.2.0.tgz 402ms (cache miss)
581 http fetch GET 200 https://registry.npmjs.org/bytes/-/bytes-3.1.2.tgz 401ms (cache miss)
582 http fetch GET 200 https://registry.npmjs.org/denque/-/denque-2.1.0.tgz 410ms (cache miss)
583 http fetch GET 200 https://registry.npmjs.org/statuses/-/statuses-2.0.2.tgz 404ms (cache miss)
584 http fetch GET 200 https://registry.npmjs.org/escape-html/-/escape-html-1.0.3.tgz 400ms (cache miss)
585 http fetch GET 200 https://registry.npmjs.org/http-errors/-/http-errors-2.0.1.tgz 403ms (cache miss)
586 http fetch GET 200 https://registry.npmjs.org/content-type/-/content-type-1.0.5.tgz 402ms (cache miss)
587 http fetch GET 200 https://registry.npmjs.org/fresh/-/fresh-2.0.0.tgz 408ms (cache miss)
588 http fetch GET 200 https://registry.npmjs.org/etag/-/etag-1.8.1.tgz 408ms (cache miss)
589 http fetch GET 200 https://registry.npmjs.org/es-define-property/-/es-define-property-1.0.1.tgz 437ms (cache miss)
590 http fetch GET 200 https://registry.npmjs.org/gopd/-/gopd-1.2.0.tgz 444ms (cache miss)
591 http fetch GET 200 https://registry.npmjs.org/side-channel-list/-/side-channel-list-1.0.0.tgz 444ms (cache miss)
592 http fetch GET 200 https://registry.npmjs.org/side-channel-map/-/side-channel-map-1.0.1.tgz 446ms (cache miss)
593 http fetch GET 200 https://registry.npmjs.org/cookie-signature/-/cookie-signature-1.2.2.tgz 426ms (cache miss)
594 http fetch GET 200 https://registry.npmjs.org/path-to-regexp/-/path-to-regexp-8.3.0.tgz 452ms (cache miss)
595 http fetch GET 200 https://registry.npmjs.org/lru.min/-/lru.min-1.1.4.tgz 448ms (cache miss)
596 http fetch GET 200 https://registry.npmjs.org/raw-body/-/raw-body-3.0.2.tgz 443ms (cache miss)
597 http fetch GET 200 https://registry.npmjs.org/on-finished/-/on-finished-2.4.1.tgz 439ms (cache miss)
598 http fetch GET 200 https://registry.npmjs.org/sqlstring/-/sqlstring-2.3.3.tgz 440ms (cache miss)
599 http fetch GET 200 https://registry.npmjs.org/proxy-addr/-/proxy-addr-2.0.7.tgz 452ms (cache miss)
600 http fetch GET 200 https://registry.npmjs.org/send/-/send-1.2.1.tgz 454ms (cache miss)
601 http fetch GET 200 https://registry.npmjs.org/safer-buffer/-/safer-buffer-2.1.2.tgz 463ms (cache miss)
602 http fetch GET 200 https://registry.npmjs.org/side-channel-weakmap/-/side-channel-weakmap-1.0.2.tgz 474ms (cache miss)
603 http fetch GET 200 https://registry.npmjs.org/get-intrinsic/-/get-intrinsic-1.3.0.tgz 476ms (cache miss)
604 http fetch GET 200 https://registry.npmjs.org/accepts/-/accepts-2.0.0.tgz 452ms (cache miss)
605 http fetch GET 200 https://registry.npmjs.org/seq-queue/-/seq-queue-0.0.5.tgz 476ms (cache miss)
606 http fetch GET 200 https://registry.npmjs.org/content-disposition/-/content-disposition-1.0.1.tgz 460ms (cache miss)
607 http fetch GET 200 https://registry.npmjs.org/finalhandler/-/finalhandler-2.1.1.tgz 471ms (cache miss)
608 http fetch GET 200 https://registry.npmjs.org/cookie/-/cookie-0.7.2.tgz 469ms (cache miss)
609 http fetch GET 200 https://registry.npmjs.org/side-channel/-/side-channel-1.1.0.tgz 494ms (cache miss)
610 http fetch GET 200 https://registry.npmjs.org/es-object-atoms/-/es-object-atoms-1.1.1.tgz 506ms (cache miss)
611 http fetch GET 200 https://registry.npmjs.org/call-bound/-/call-bound-1.0.4.tgz 504ms (cache miss)
612 http fetch GET 200 https://registry.npmjs.org/has-symbols/-/has-symbols-1.1.0.tgz 512ms (cache miss)
613 http fetch GET 200 https://registry.npmjs.org/mime-db/-/mime-db-1.54.0.tgz 494ms (cache miss)
614 http fetch GET 200 https://registry.npmjs.org/router/-/router-2.2.0.tgz 496ms (cache miss)
615 http fetch GET 200 https://registry.npmjs.org/long/-/long-5.3.2.tgz 511ms (cache miss)
616 http fetch GET 200 https://registry.npmjs.org/function-bind/-/function-bind-1.1.2.tgz 532ms (cache miss)
617 http fetch GET 200 https://registry.npmjs.org/get-proto/-/get-proto-1.0.1.tgz 538ms (cache miss)
618 http fetch GET 200 https://registry.npmjs.org/express/-/express-5.2.1.tgz 495ms (cache miss)
619 http fetch GET 200 https://registry.npmjs.org/dotenv/-/dotenv-17.2.4.tgz 499ms (cache miss)
620 http fetch GET 200 https://registry.npmjs.org/call-bind-apply-helpers/-/call-bind-apply-helpers-1.0.2.tgz 551ms (cache miss)
621 http fetch GET 200 https://registry.npmjs.org/mime-types/-/mime-types-3.0.2.tgz 536ms (cache miss)
622 http fetch GET 200 https://registry.npmjs.org/body-parser/-/body-parser-2.2.2.tgz 532ms (cache miss)
623 http fetch GET 200 https://registry.npmjs.org/aws-ssl-profiles/-/aws-ssl-profiles-1.1.2.tgz 550ms (cache miss)
624 http fetch GET 200 https://registry.npmjs.org/math-intrinsics/-/math-intrinsics-1.1.0.tgz 594ms (cache miss)
625 http fetch GET 200 https://registry.npmjs.org/qs/-/qs-6.14.1.tgz 571ms (cache miss)
626 http fetch GET 200 https://registry.npmjs.org/object-inspect/-/object-inspect-1.13.4.tgz 597ms (cache miss)
627 http fetch GET 200 https://registry.npmjs.org/iconv-lite/-/iconv-lite-0.7.2.tgz 592ms (cache miss)
628 http fetch GET 200 https://registry.npmjs.org/mysql2/-/mysql2-3.16.3.tgz 730ms (cache miss)
629 silly ADD node_modules/media-typer
630 silly ADD node_modules/dunder-proto
631 silly ADD node_modules/math-intrinsics
632 silly ADD node_modules/hasown
633 silly ADD node_modules/has-symbols
634 silly ADD node_modules/gopd
635 silly ADD node_modules/get-proto
636 silly ADD node_modules/es-object-atoms
637 silly ADD node_modules/es-define-property
638 silly ADD node_modules/function-bind
639 silly ADD node_modules/call-bind-apply-helpers
640 silly ADD node_modules/get-intrinsic
641 silly ADD node_modules/call-bound
642 silly ADD node_modules/side-channel-weakmap
643 silly ADD node_modules/side-channel-map
644 silly ADD node_modules/side-channel-list
645 silly ADD node_modules/object-inspect
646 silly ADD node_modules/es-errors
647 silly ADD node_modules/path-to-regexp
648 silly ADD node_modules/is-promise
649 silly ADD node_modules/unpipe
650 silly ADD node_modules/side-channel
651 silly ADD node_modules/ipaddr.js
652 silly ADD node_modules/forwarded
653 silly ADD node_modules/wrappy
654 silly ADD node_modules/ee-first
655 silly ADD node_modules/is-property
656 silly ADD node_modules/seq-queue
657 silly ADD node_modules/named-placeholders
658 silly ADD node_modules/lru.min
659 silly ADD node_modules/long
660 silly ADD node_modules/generate-function
661 silly ADD node_modules/denque
662 silly ADD node_modules/aws-ssl-profiles
663 silly ADD node_modules/mime-db
664 silly ADD node_modules/safer-buffer
665 silly ADD node_modules/toidentifier
666 silly ADD node_modules/setprototypeof
667 silly ADD node_modules/raw-body
668 silly ADD node_modules/iconv-lite
669 silly ADD node_modules/bytes
670 silly ADD node_modules/negotiator
671 silly ADD node_modules/vary
672 silly ADD node_modules/type-is
673 silly ADD node_modules/statuses
674 silly ADD node_modules/serve-static
675 silly ADD node_modules/send
676 silly ADD node_modules/router
677 silly ADD node_modules/range-parser
678 silly ADD node_modules/qs
679 silly ADD node_modules/proxy-addr
680 silly ADD node_modules/parseurl
681 silly ADD node_modules/once
682 silly ADD node_modules/on-finished
683 silly ADD node_modules/mime-types
684 silly ADD node_modules/merge-descriptors
685 silly ADD node_modules/http-errors
686 silly ADD node_modules/fresh
687 silly ADD node_modules/finalhandler
688 silly ADD node_modules/etag
689 silly ADD node_modules/escape-html
690 silly ADD node_modules/encodeurl
691 silly ADD node_modules/depd
692 silly ADD node_modules/cookie-signature
693 silly ADD node_modules/cookie
694 silly ADD node_modules/content-type
695 silly ADD node_modules/content-disposition
696 silly ADD node_modules/body-parser
697 silly ADD node_modules/accepts
698 silly ADD node_modules/mysql2
699 silly ADD node_modules/mysql2/node_modules/sqlstring
700 silly ADD node_modules/express
701 silly ADD node_modules/dotenv
702 verbose cwd C:\Users\deryck_zezuino\Desktop\Projetos2026
703 verbose os Windows_NT 10.0.26200
704 verbose node v24.11.1
705 verbose npm  v11.6.2
706 verbose exit 0
707 info ok
