0 verbose cli C:\Program Files\nodejs\node.exe C:\Program Files\nodejs\node_modules\npm\bin\npm-cli.js
1 info using npm@11.6.2
2 info using node@v24.11.1
3 silly config load:file:C:\Program Files\nodejs\node_modules\npm\npmrc
4 silly config load:file:C:\Users\deryck_zezuino\AppData\Local\Microsoft\TypeScript\5.9\.npmrc
5 silly config load:file:C:\Users\deryck_zezuino\.npmrc
6 silly config load:file:C:\ProgramData\npm\etc\npmrc
7 verbose title npm install @types/swagger-ui-express@ts5.9
8 verbose argv "install" "--ignore-scripts" "@types/swagger-ui-express@ts5.9" "--save-dev" "--user-agent" "typesInstaller/5.9.3"
9 verbose logfile logs-max:10 dir:C:\Users\deryck_zezuino\Desktop\Projetos2026\_logs\2026-02-05T22_12_47_624Z-
10 verbose logfile C:\Users\deryck_zezuino\Desktop\Projetos2026\_logs\2026-02-05T22_12_47_624Z-debug-0.log
11 silly logfile start cleaning logs, removing 1 files
12 silly packumentCache heap:4496293888 maxSize:1124073472 maxEntrySize:562036736
13 silly logfile done cleaning log files
14 silly packumentCache corgi:https://registry.npmjs.org/@types%2fswagger-ui-express cache-miss
15 http fetch GET 200 https://registry.npmjs.org/@types%2fswagger-ui-express 913ms (cache miss)
16 silly packumentCache corgi:https://registry.npmjs.org/@types%2fswagger-ui-express set size:undefined disposed:false
17 silly idealTree buildDeps
18 silly fetch manifest @types/swagger-ui-express@4.1.8
19 silly packumentCache full:https://registry.npmjs.org/@types%2fswagger-ui-express cache-miss
20 http fetch GET 200 https://registry.npmjs.org/@types%2fswagger-ui-express 482ms (cache miss)
21 silly packumentCache full:https://registry.npmjs.org/@types%2fswagger-ui-express set size:undefined disposed:false
22 silly placeDep ROOT @types/swagger-ui-express@4.1.8 OK for:  want: 4.1.8
23 silly reify moves {}
24 silly audit bulk request {
24 silly audit   '@types/body-parser': [ '1.19.6' ],
24 silly audit   '@types/connect': [ '3.4.38' ],
24 silly audit   '@types/d': [ '1.0.4' ],
24 silly audit   '@types/dot': [ '1.1.7' ],
24 silly audit   '@types/express': [ '5.0.6' ],
24 silly audit   '@types/express-serve-static-core': [ '5.1.1' ],
24 silly audit   '@types/http-errors': [ '2.0.5' ],
24 silly audit   '@types/mysql': [ '2.15.27' ],
24 silly audit   '@types/node': [ '25.2.0' ],
24 silly audit   '@types/qs': [ '6.14.0' ],
24 silly audit   '@types/range-parser': [ '1.2.7' ],
24 silly audit   '@types/react': [ '19.2.10' ],
24 silly audit   '@types/send': [ '1.2.1' ],
24 silly audit   '@types/serve-static': [ '2.2.0' ],
24 silly audit   csstype: [ '3.2.3' ],
24 silly audit   'types-registry': [ '0.1.755' ],
24 silly audit   'undici-types': [ '7.16.0' ],
24 silly audit   '@types/swagger-ui-express': [ '4.1.8' ]
24 silly audit }
25 http cache @types/swagger-ui-express@https://registry.npmjs.org/@types/swagger-ui-express/-/swagger-ui-express-4.1.8.tgz 0ms (cache hit)
26 silly tarball no local data for @types/swagger-ui-express@https://registry.npmjs.org/@types/swagger-ui-express/-/swagger-ui-express-4.1.8.tgz. Extracting by manifest.
27 http fetch GET 200 https://registry.npmjs.org/@types/swagger-ui-express/-/swagger-ui-express-4.1.8.tgz 168ms (cache miss)
28 http fetch POST 200 https://registry.npmjs.org/-/npm/v1/security/advisories/bulk 250ms
29 silly audit report {}
30 silly ADD node_modules/@types/swagger-ui-express
31 verbose cwd C:\Users\deryck_zezuino\AppData\Local\Microsoft\TypeScript\5.9
32 verbose os Windows_NT 10.0.26200
33 verbose node v24.11.1
34 verbose npm  v11.6.2
35 verbose exit 0
36 info ok
