0 verbose cli C:\Program Files\nodejs\node.exe C:\Program Files\nodejs\node_modules\npm\bin\npm-cli.js
1 info using npm@11.6.2
2 info using node@v24.11.1
3 silly config load:file:C:\Program Files\nodejs\node_modules\npm\npmrc
4 silly config load:file:C:\Users\deryck_zezuino\AppData\Local\Microsoft\TypeScript\5.9\.npmrc
5 silly config load:file:C:\Users\deryck_zezuino\.npmrc
6 silly config load:file:C:\ProgramData\npm\etc\npmrc
7 verbose title npm install types-registry@latest
8 verbose argv "install" "--ignore-scripts" "types-registry@latest"
9 verbose logfile logs-max:10 dir:C:\Users\deryck_zezuino\Desktop\Projetos2026\_logs\2026-02-09T21_48_05_845Z-
10 verbose logfile C:\Users\deryck_zezuino\Desktop\Projetos2026\_logs\2026-02-09T21_48_05_845Z-debug-0.log
11 silly logfile start cleaning logs, removing 1 files
12 silly packumentCache heap:4496293888 maxSize:1124073472 maxEntrySize:562036736
13 silly logfile done cleaning log files
14 silly packumentCache corgi:https://registry.npmjs.org/types-registry cache-miss
15 http fetch GET 200 https://registry.npmjs.org/types-registry 343ms (cache updated)
16 silly packumentCache corgi:https://registry.npmjs.org/types-registry set size:undefined disposed:false
17 silly idealTree buildDeps
18 silly fetch manifest types-registry@0.1.756
19 silly packumentCache full:https://registry.npmjs.org/types-registry cache-miss
20 http fetch GET 200 https://registry.npmjs.org/types-registry 129ms (cache updated)
21 silly packumentCache full:https://registry.npmjs.org/types-registry set size:undefined disposed:false
22 silly placeDep ROOT types-registry@0.1.756 REPLACE for:  want: 0.1.756
23 silly reify mark retired [
23 silly reify   'C:\\Users\\deryck_zezuino\\AppData\\Local\\Microsoft\\TypeScript\\5.9\\node_modules\\types-registry'
23 silly reify ]
24 silly reify moves {
24 silly reify   'C:\\Users\\deryck_zezuino\\AppData\\Local\\Microsoft\\TypeScript\\5.9\\node_modules\\types-registry': 'C:\\Users\\deryck_zezuino\\AppData\\Local\\Microsoft\\TypeScript\\5.9\\node_modules\\.types-registry-dFzUPs8R'
24 silly reify }
25 silly audit bulk request {
25 silly audit   '@types/body-parser': [ '1.19.6' ],
25 silly audit   '@types/connect': [ '3.4.38' ],
25 silly audit   '@types/d': [ '1.0.4' ],
25 silly audit   '@types/dot': [ '1.1.7' ],
25 silly audit   '@types/express': [ '5.0.6' ],
25 silly audit   '@types/express-serve-static-core': [ '5.1.1' ],
25 silly audit   '@types/http-errors': [ '2.0.5' ],
25 silly audit   '@types/mysql': [ '2.15.27' ],
25 silly audit   '@types/node': [ '25.2.0' ],
25 silly audit   '@types/qs': [ '6.14.0' ],
25 silly audit   '@types/range-parser': [ '1.2.7' ],
25 silly audit   '@types/react': [ '19.2.10' ],
25 silly audit   '@types/send': [ '1.2.1' ],
25 silly audit   '@types/serve-static': [ '2.2.0' ],
25 silly audit   '@types/swagger-ui-express': [ '4.1.8' ],
25 silly audit   csstype: [ '3.2.3' ],
25 silly audit   'undici-types': [ '7.16.0' ],
25 silly audit   'types-registry': [ '0.1.756' ]
25 silly audit }
26 http cache types-registry@https://registry.npmjs.org/types-registry/-/types-registry-0.1.756.tgz 1ms (cache hit)
27 silly tarball no local data for types-registry@https://registry.npmjs.org/types-registry/-/types-registry-0.1.756.tgz. Extracting by manifest.
28 http fetch GET 200 https://registry.npmjs.org/types-registry/-/types-registry-0.1.756.tgz 95ms (cache miss)
29 http fetch POST 200 https://registry.npmjs.org/-/npm/v1/security/advisories/bulk 294ms
30 silly audit report {}
31 silly CHANGE node_modules/types-registry
32 verbose cwd C:\Users\deryck_zezuino\AppData\Local\Microsoft\TypeScript\5.9
33 verbose os Windows_NT 10.0.26200
34 verbose node v24.11.1
35 verbose npm  v11.6.2
36 verbose exit 0
37 info ok
